Removed Parameter PackageCase:0805 from Part C100
Removed Parameter PackageCase:0805 from Part C101
Removed Parameter Supplier:Stock ES from Part C100
Removed Parameter Supplier:Stock ES from Part C101
Removed Parameter Supplier min. qty: from Part C100
Removed Parameter Supplier min. qty: from Part C101
Removed Parameter Supplier PN: from Part C100
Removed Parameter Supplier PN: from Part C101
Removed Parameter Supplier unit price: from Part C100
Removed Parameter Supplier unit price: from Part C101
Removed Parameter Value:100 nF from Part C100
Removed Parameter Value:100 nF from Part C101
Removed Parameter Voltage Rating:16 V from Part C100
Removed Parameter Voltage Rating:16 V from Part C101
Change Component Parameter Comment in C101 Old= New=10µF
Change Component Parameter Comment in C100 Old= New=10µF
Change Component Parameter Description in C101 Old=Chip Capacitor, 100 nF, +/- 10%, 16 V, -55 to 85 degC, 0805 (2012 Metric), RoHS, Tape and Reel New=WCAP-CSGP Multilayer Ceramic Chip Capacitor, General Purpose, size 0805, X5R, 10µF, 16VDC
Change Component Parameter Description in C100 Old=Chip Capacitor, 100 nF, +/- 10%, 16 V, -55 to 85 degC, 0805 (2012 Metric), RoHS, Tape and Reel New=WCAP-CSGP Multilayer Ceramic Chip Capacitor, General Purpose, size 0805, X5R, 10µF, 16VDC
Change Component Parameter Library Reference in C100 Old=CMP-1663-00007-1 New=885012107014
Change Component Parameter Library Reference in C101 Old=CMP-1663-00007-1 New=885012107014
Added Parameter Capacitance Tolerance=+/-20% to Part C100
Added Parameter Capacitance Tolerance=+/-20% to Part C101
Added Parameter Case/Size Code=0805 to Part C100
Added Parameter Case/Size Code=0805 to Part C101
Added Parameter Category=Multilayer Ceramic Chip Capacitors to Part C100
Added Parameter Category=Multilayer Ceramic Chip Capacitors to Part C101
Added Parameter Ceramic Type=X5R to Part C100
Added Parameter Ceramic Type=X5R to Part C101
Added Parameter Dissipation Factor=10% to Part C100
Added Parameter Dissipation Factor=10% to Part C101
Added Parameter Insulation Resistance=0.01GO to Part C100
Added Parameter Insulation Resistance=0.01GO to Part C101
Added Parameter Manufacturer=Wurth Elektronik to Part C100
Added Parameter Manufacturer=Wurth Elektronik to Part C101
Added Parameter Manufacturer Part Number=885012107014 to Part C100
Added Parameter Manufacturer Part Number=885012107014 to Part C101
Added Parameter Match Code=WCAP-CSGP to Part C100
Added Parameter Match Code=WCAP-CSGP to Part C101
Added Parameter Operating Temperature Max=85°C to Part C100
Added Parameter Operating Temperature Max=85°C to Part C101
Added Parameter Operating Temperature Min=-55°C to Part C100
Added Parameter Operating Temperature Min=-55°C to Part C101
Added Parameter Rated Voltage (DC)=16V to Part C100
Added Parameter Rated Voltage (DC)=16V to Part C101
Added Parameter Technical Reference=X5R0805106M016DFCT10000 to Part C100
Added Parameter Technical Reference=X5R0805106M016DFCT10000 to Part C101
Replace Part C100 885012107014 in G:\OneDrive_EV\OneDrive - Education Vaud\Documents\Altium\Projets\1730_PortierWireless\hard\Portier_17300C_JMO\SCHEMA\Power.SchDoc with 885012107014 from Altium_WCAP-CSGP (rev22f).IntLib
Replace Part C101 885012107014 in G:\OneDrive_EV\OneDrive - Education Vaud\Documents\Altium\Projets\1730_PortierWireless\hard\Portier_17300C_JMO\SCHEMA\Power.SchDoc with 885012107014 from Altium_WCAP-CSGP (rev22f).IntLib
