Added Parameter Supplier min. qty= to Part BT100
Added Parameter Supplier min. qty= to Part C100
Added Parameter Supplier min. qty= to Part C101
Added Parameter Supplier min. qty= to Part C102
Added Parameter Supplier min. qty= to Part C103
Added Parameter Supplier min. qty= to Part C104
Added Parameter Supplier min. qty= to Part Q100
Added Parameter Supplier min. qty= to Part Q101
Added Parameter Supplier min. qty= to Part Q102
Added Parameter Supplier min. qty= to Part R100
Added Parameter Supplier min. qty= to Part R101
Added Parameter Supplier min. qty= to Part R102
Added Parameter Supplier min. qty= to Part R103
Added Parameter Supplier min. qty= to Part R104
Added Parameter Supplier min. qty= to Part SW100
Added Parameter Supplier min. qty= to Part U100
Added Parameter Supplier min. qty= to Part U101
Added Parameter Supplier min. qty= to Part X100
Added Parameter Supplier unit price= to Part BT100
Added Parameter Supplier unit price= to Part C100
Added Parameter Supplier unit price= to Part C101
Added Parameter Supplier unit price= to Part C102
Added Parameter Supplier unit price= to Part C103
Added Parameter Supplier unit price= to Part C104
Added Parameter Supplier unit price= to Part Q100
Added Parameter Supplier unit price= to Part Q101
Added Parameter Supplier unit price= to Part Q102
Added Parameter Supplier unit price= to Part R100
Added Parameter Supplier unit price= to Part R101
Added Parameter Supplier unit price= to Part R102
Added Parameter Supplier unit price= to Part R103
Added Parameter Supplier unit price= to Part R104
Added Parameter Supplier unit price= to Part SW100
Added Parameter Supplier unit price= to Part U100
Added Parameter Supplier unit price= to Part U101
Added Parameter Supplier unit price= to Part X100
