Removed Parameter Case Code (Imperial):0805 from Part C100
Removed Parameter Case Code (Imperial):0805 from Part C101
Removed Parameter Case Code (Metric):2012 from Part C100
Removed Parameter Case Code (Metric):2012 from Part C101
Removed Parameter DatasheetVersion:03/2015 from Part C100
Removed Parameter DatasheetVersion:03/2015 from Part C101
Removed Parameter Max Operating Temperature:85 degC from Part C100
Removed Parameter Max Operating Temperature:85 degC from Part C101
Removed Parameter Min Operating Temperature:-55 degC from Part C100
Removed Parameter Min Operating Temperature:-55 degC from Part C101
Removed Parameter Mounting Technology:Surface Mount from Part C100
Removed Parameter Mounting Technology:Surface Mount from Part C101
Removed Parameter PackageDescription:2-Pin Surface Mount Device, Body 2 x 1.25 mm from Part C100
Removed Parameter PackageDescription:2-Pin Surface Mount Device, Body 2 x 1.25 mm from Part C101
Removed Parameter Package Quantity:1 from Part C100
Removed Parameter Package Quantity:1 from Part C101
Removed Parameter PackageReference:0805 from Part C100
Removed Parameter PackageReference:0805 from Part C101
Removed Parameter REACH SVHC:No SVHC from Part C100
Removed Parameter REACH SVHC:No SVHC from Part C101
Removed Parameter Tolerance:10% from Part C100
Removed Parameter Tolerance:10% from Part C101
Removed Parameter Voltage Rating (DC):16 V from Part C100
Removed Parameter Voltage Rating (DC):16 V from Part C101
Removed Parameter Voltage Rating:16 V from Part C100
Removed Parameter Voltage Rating:16 V from Part C101
Change Value of Parameter Capacitance in Part C101 Old=10µF New=100nF
Change Value of Parameter Capacitance in Part C100 Old=10µF New=100nF
Change Value of Parameter Capacitance Tolerance in Part C101 Old=+/-20% New=+/-10%
Change Value of Parameter Capacitance Tolerance in Part C100 Old=+/-20% New=+/-10%
Change Value of Parameter Ceramic Type in Part C101 Old=X5R New=X7R
Change Value of Parameter Ceramic Type in Part C100 Old=X5R New=X7R
Change Component Parameter Comment in C100 Old= New=100nF
Change Component Parameter Comment in C101 Old= New=100nF
Change Value of Parameter ComponentLink1URL in Part C100 Old=https://www.we-online.com/redexpert/article/885012107014?ad New=https://www.we-online.com/redexpert/article/885012207098?ad
Change Value of Parameter ComponentLink1URL in Part C101 Old=https://www.we-online.com/redexpert/article/885012107014?ad New=https://www.we-online.com/redexpert/article/885012207098?ad
Change Value of Parameter ComponentLink2URL in Part C101 Old=https://www.we-online.com/redexpert/spec/885012107014?ad New=https://www.we-online.com/redexpert/spec/885012207098?ad
Change Value of Parameter ComponentLink2URL in Part C100 Old=https://www.we-online.com/redexpert/spec/885012107014?ad New=https://www.we-online.com/redexpert/spec/885012207098?ad
Change Component Parameter Description in C100 Old=WCAP-CSGP Multilayer Ceramic Chip Capacitor, General Purpose, size 0805, X5R, 10µF, 16VDC New=WCAP-CSGP Multilayer Ceramic Chip Capacitor, General Purpose, size 0805, X7R, 100nF, 50VDC
Change Component Parameter Description in C101 Old=WCAP-CSGP Multilayer Ceramic Chip Capacitor, General Purpose, size 0805, X5R, 10µF, 16VDC New=WCAP-CSGP Multilayer Ceramic Chip Capacitor, General Purpose, size 0805, X7R, 100nF, 50VDC
Change Value of Parameter Dissipation Factor in Part C100 Old=10% New=2.5%
Change Value of Parameter Dissipation Factor in Part C101 Old=10% New=2.5%
Change Value of Parameter Height in Part C100 Old=1.25mm New=0.8mm
Change Value of Parameter Height in Part C101 Old=1.25mm New=0.8mm
Change Value of Parameter Insulation Resistance in Part C100 Old=0.01GO New=5GO
Change Value of Parameter Insulation Resistance in Part C101 Old=0.01GO New=5GO
Change Component Parameter Library Reference in C101 Old=885012107014 New=885012207098
Change Component Parameter Library Reference in C100 Old=885012107014 New=885012207098
Change Value of Parameter Manufacturer Part Number in Part C100 Old=885012107014 New=885012207098
Change Value of Parameter Manufacturer Part Number in Part C101 Old=885012107014 New=885012207098
Change Value of Parameter Operating Temperature Max in Part C101 Old=85°C New=125°C
Change Value of Parameter Operating Temperature Max in Part C100 Old=85°C New=125°C
Change Value of Parameter Rated Voltage (DC) in Part C100 Old=16V New=50V
Change Value of Parameter Rated Voltage (DC) in Part C101 Old=16V New=50V
Change Value of Parameter Technical Reference in Part C101 Old=X5R0805106M016DFCT10000 New=X7R0805104K050DFCT10000
Change Value of Parameter Technical Reference in Part C100 Old=X5R0805106M016DFCT10000 New=X7R0805104K050DFCT10000
Replace Part C100 885012207098 in C:\Users\juamoreno\OneDrive - Education Vaud\Documents\Altium\Projets\1730_PortierWireless\hard\Portier_17300C_JMO\SCHEMA\Power.SchDoc with 885012207098 from Altium_WCAP-CSGP (rev22f).IntLib
Replace Part C101 885012207098 in C:\Users\juamoreno\OneDrive - Education Vaud\Documents\Altium\Projets\1730_PortierWireless\hard\Portier_17300C_JMO\SCHEMA\Power.SchDoc with 885012207098 from Altium_WCAP-CSGP (rev22f).IntLib
