Removed Parameter Case-Metric:2012 from Part C201
Removed Parameter Case-Metric:2012 from Part C202
Removed Parameter Case-Metric:2012 from Part C203
Removed Parameter Case-Metric:2012 from Part R200
Removed Parameter Case-Metric:2012 from Part R201
Removed Parameter Case-Metric:2012 from Part R202
Removed Parameter Case Code (Metric):1608 from Part C200
Removed Parameter Case Code (Metric):2012 from Part R203
Removed Parameter Case Code (Metric):2012 from Part R207
Removed Parameter ComponentLink1Description:Manufacturer from Part J200
Removed Parameter ComponentLink1Description:Manufacturer URL from Part C200
Removed Parameter ComponentLink1Description:Manufacturer URL from Part C204
Removed Parameter ComponentLink1Description:Manufacturer URL from Part C205
Removed Parameter ComponentLink1Description:Manufacturer URL from Part P200
Removed Parameter ComponentLink1Description:Manufacturer URL from Part R204
Removed Parameter ComponentLink1Description:Manufacturer URL from Part R205
Removed Parameter ComponentLink1Description:Manufacturer URL from Part R206
Removed Parameter ComponentLink1Description:Manufacturer URL from Part R208
Removed Parameter ComponentLink1Description:Manufacturer URL from Part SW200
Removed Parameter ComponentLink1Description:Manufacturer URL from Part SW201
Removed Parameter ComponentLink1Description:Manufacturer URL from Part SW202
Removed Parameter ComponentLink1Description:Manufacturer URL from Part SW203
Removed Parameter ComponentLink1Description:Manufacturer URL from Part U200
Removed Parameter ComponentLink1URL:http://www.kemet.com/ from Part C200
Removed Parameter ComponentLink1URL:http://www.microchip.com from Part U200
Removed Parameter ComponentLink1URL:http://www.samtec.com from Part P200
Removed Parameter ComponentLink1URL:http://www.we-online.com from Part SW200
Removed Parameter ComponentLink1URL:http://www.we-online.com from Part SW201
Removed Parameter ComponentLink1URL:http://www.we-online.com from Part SW202
Removed Parameter ComponentLink1URL:http://www.we-online.com from Part SW203
Removed Parameter ComponentLink1URL:http://www.we-online.de from Part J200
Removed Parameter ComponentLink1URL:http://www.yageo.com/ from Part C204
Removed Parameter ComponentLink1URL:http://www.yageo.com/ from Part C205
Removed Parameter ComponentLink1URL:http://www.yageo.com/ from Part R204
Removed Parameter ComponentLink1URL:http://www.yageo.com/ from Part R205
Removed Parameter ComponentLink1URL:http://www.yageo.com/ from Part R206
Removed Parameter ComponentLink1URL:http://www.yageo.com/ from Part R208
Removed Parameter ComponentLink2Description:Datasheet from Part C200
Removed Parameter ComponentLink2Description:Datasheet from Part C204
Removed Parameter ComponentLink2Description:Datasheet from Part C205
Removed Parameter ComponentLink2Description:Datasheet from Part J200
Removed Parameter ComponentLink2Description:Datasheet from Part P200
Removed Parameter ComponentLink2Description:Datasheet from Part R204
Removed Parameter ComponentLink2Description:Datasheet from Part R205
Removed Parameter ComponentLink2Description:Datasheet from Part R206
Removed Parameter ComponentLink2Description:Datasheet from Part R208
Removed Parameter ComponentLink2Description:Datasheet from Part SW200
Removed Parameter ComponentLink2Description:Datasheet from Part SW201
Removed Parameter ComponentLink2Description:Datasheet from Part SW202
Removed Parameter ComponentLink2Description:Datasheet from Part SW203
Removed Parameter ComponentLink2Description:Datasheet from Part U200
Removed Parameter ComponentLink2URL:http://capacitoredge.kemet.com/capedge2/DataSheet/Datasheet-C1206C106K4RACTU.pdf?pn=C1206C106K4RACTU from Part C200
Removed Parameter ComponentLink2URL:http://katalog.we-online.com/em/datasheet/615006143621.pdf from Part J200
Removed Parameter ComponentLink2URL:http://katalog.we-online.de/em/datasheet/4301x2.pdf from Part SW200
Removed Parameter ComponentLink2URL:http://katalog.we-online.de/em/datasheet/4301x2.pdf from Part SW201
Removed Parameter ComponentLink2URL:http://katalog.we-online.de/em/datasheet/4301x2.pdf from Part SW202
Removed Parameter ComponentLink2URL:http://katalog.we-online.de/em/datasheet/4301x2.pdf from Part SW203
Removed Parameter ComponentLink2URL:http://ww1.microchip.com/downloads/en/DeviceDoc/61168E.pdf from Part U200
Removed Parameter ComponentLink2URL:http://www.samtec.com/documents/webfiles/pdf/TSW_TH.PDF from Part P200
Removed Parameter ComponentLink2URL:http://www.yageo.com/documents/recent/PYu-RC_Group_51_RoHS_L_04.pdf from Part R204
Removed Parameter ComponentLink2URL:http://www.yageo.com/documents/recent/PYu-RC_Group_51_RoHS_L_04.pdf from Part R205
Removed Parameter ComponentLink2URL:http://www.yageo.com/documents/recent/PYu-RC_Group_51_RoHS_L_04.pdf from Part R206
Removed Parameter ComponentLink2URL:http://www.yageo.com/documents/recent/PYu-RC_Group_51_RoHS_L_04.pdf from Part R208
Removed Parameter ComponentLink2URL:http://www.yageo.com/documents/recent/UPY-GP_NP0_16V-to-50V_8.pdf from Part C204
Removed Parameter ComponentLink2URL:http://www.yageo.com/documents/recent/UPY-GP_NP0_16V-to-50V_8.pdf from Part C205
Removed Parameter ComponentLink3Description:Package Specification from Part P200
Removed Parameter ComponentLink3Description:Package Specification from Part U200
Removed Parameter ComponentLink3URL:http://www.microchip.com/stellent/groups/techpub_sg/documents/packagingspec/en012702.pdf from Part U200
Removed Parameter ComponentLink3URL:http://www.samtec.com/documents/webfiles/cpdf/TSW-XXX-XX-XXX-X-XX-XXX-MKT.pdf from Part P200
Removed Parameter ComponentLink4Description:Product URL from Part U200
Removed Parameter ComponentLink4URL:http://www.microchip.com/PIC32MX130F064B from Part U200
Removed Parameter Composition:ThickFilm from Part R203
Removed Parameter Composition:ThickFilm from Part R207
Removed Parameter Continuous Drain Current Id:1.2A from Part Q200
Removed Parameter Continuous Drain Current Id:1.2A from Part Q201
Removed Parameter Continuous Drain Current Id:1.2A from Part Q202
Removed Parameter Continuous Drain Current Id:1.2A from Part Q203
Removed Parameter Current Id Max:1.2A from Part Q200
Removed Parameter Current Id Max:1.2A from Part Q201
Removed Parameter Current Id Max:1.2A from Part Q202
Removed Parameter Current Id Max:1.2A from Part Q203
Removed Parameter Current Temperature:25degC from Part Q200
Removed Parameter Current Temperature:25degC from Part Q201
Removed Parameter Current Temperature:25degC from Part Q202
Removed Parameter Current Temperature:25degC from Part Q203
Removed Parameter Datasheet URL:http://www.yageo.com/NewPortal/yageodocoutput?fileName=/pdf/R-Chip/PYu-RC_Group_51_RoHS_L_5.pdf from Part R203
Removed Parameter Datasheet URL:http://www.yageo.com/NewPortal/yageodocoutput?fileName=/pdf/R-Chip/PYu-RC_Group_51_RoHS_L_5.pdf from Part R207
Removed Parameter Datasheet URL:https://datasheet.ciiva.com/29326/162826-da-01-en-irlml-2402tr-29326791.pdf from Part Q200
Removed Parameter Datasheet URL:https://datasheet.ciiva.com/29326/162826-da-01-en-irlml-2402tr-29326791.pdf from Part Q201
Removed Parameter Datasheet URL:https://datasheet.ciiva.com/29326/162826-da-01-en-irlml-2402tr-29326791.pdf from Part Q202
Removed Parameter Datasheet URL:https://datasheet.ciiva.com/29326/162826-da-01-en-irlml-2402tr-29326791.pdf from Part Q203
Removed Parameter DatasheetVersion:Aug-16 from Part C200
Removed Parameter DatasheetVersion:F-214 from Part P200
Removed Parameter Datasheet Version:Jan-03 from Part Q200
Removed Parameter Datasheet Version:Jan-03 from Part Q201
Removed Parameter Datasheet Version:Jan-03 from Part Q202
Removed Parameter Datasheet Version:Jan-03 from Part Q203
Removed Parameter DatasheetVersion:Rev. 4, 02/2016 from Part R204
Removed Parameter DatasheetVersion:Rev. 4, 02/2016 from Part R205
Removed Parameter DatasheetVersion:Rev. 4, 02/2016 from Part R206
Removed Parameter DatasheetVersion:Rev. 4, 02/2016 from Part R208
Removed Parameter Datasheet Version:Rev. 5, 10/2016 from Part R203
Removed Parameter Datasheet Version:Rev. 5, 10/2016 from Part R207
Removed Parameter DatasheetVersion:Rev. 8, 08/2011 from Part C204
Removed Parameter DatasheetVersion:Rev. 8, 08/2011 from Part C205
Removed Parameter DatasheetVersion:Rev. E from Part U200
Removed Parameter Depth:1.25mm from Part R203
Removed Parameter Depth:1.25mm from Part R207
Removed Parameter Drain Source Voltage Vds:20V from Part Q200
Removed Parameter Drain Source Voltage Vds:20V from Part Q201
Removed Parameter Drain Source Voltage Vds:20V from Part Q202
Removed Parameter Drain Source Voltage Vds:20V from Part Q203
Removed Parameter Entrance:Horizontal from Part J200
Removed Parameter External Depth:2.5mm from Part Q200
Removed Parameter External Depth:2.5mm from Part Q201
Removed Parameter External Depth:2.5mm from Part Q202
Removed Parameter External Depth:2.5mm from Part Q203
Removed Parameter External Length / Height:1.12mm from Part Q200
Removed Parameter External Length / Height:1.12mm from Part Q201
Removed Parameter External Length / Height:1.12mm from Part Q202
Removed Parameter External Length / Height:1.12mm from Part Q203
Removed Parameter External Width:3.05mm from Part Q200
Removed Parameter External Width:3.05mm from Part Q201
Removed Parameter External Width:3.05mm from Part Q202
Removed Parameter External Width:3.05mm from Part Q203
Removed Parameter Full Power Rating Temperature:25degC from Part Q200
Removed Parameter Full Power Rating Temperature:25degC from Part Q201
Removed Parameter Full Power Rating Temperature:25degC from Part Q202
Removed Parameter Full Power Rating Temperature:25degC from Part Q203
Removed Parameter Height:0.5 mm from Part R204
Removed Parameter Height:0.5 mm from Part R205
Removed Parameter Height:0.5 mm from Part R206
Removed Parameter Height:0.5 mm from Part R208
Removed Parameter Height:0.8 mm from Part C200
Removed Parameter Height:0.024inch from Part R203
Removed Parameter Height:0.024inch from Part R207
Removed Parameter Junction Temperature Tj Min:-55degC from Part Q200
Removed Parameter Junction Temperature Tj Min:-55degC from Part Q201
Removed Parameter Junction Temperature Tj Min:-55degC from Part Q202
Removed Parameter Junction Temperature Tj Min:-55degC from Part Q203
Removed Parameter Lead Free:LeadFree from Part R203
Removed Parameter Lead Free:LeadFree from Part R207
Removed Parameter Length:0.079inch from Part R203
Removed Parameter Length:0.079inch from Part R207
Removed Parameter Length:1.6 mm from Part C200
Removed Parameter Length:2 mm from Part R204
Removed Parameter Length:2 mm from Part R205
Removed Parameter Length:2 mm from Part R206
Removed Parameter Length:2 mm from Part R208
Removed Parameter Manufacturer URL:http://internationalrectifier.com/ from Part Q200
Removed Parameter Manufacturer URL:http://internationalrectifier.com/ from Part Q201
Removed Parameter Manufacturer URL:http://internationalrectifier.com/ from Part Q202
Removed Parameter Manufacturer URL:http://internationalrectifier.com/ from Part Q203
Removed Parameter Manufacturer URL:http://www.yageo.com/ from Part R203
Removed Parameter Manufacturer URL:http://www.yageo.com/ from Part R207
Removed Parameter Max Operating Temperature:125 degC from Part C200
Removed Parameter Max Operating Temperature:155degC from Part R203
Removed Parameter Max Operating Temperature:155 degC from Part R204
Removed Parameter Max Operating Temperature:155 degC from Part R205
Removed Parameter Max Operating Temperature:155 degC from Part R206
Removed Parameter Max Operating Temperature:155degC from Part R207
Removed Parameter Max Operating Temperature:155 degC from Part R208
Removed Parameter Max Power Dissipation:125mW from Part R203
Removed Parameter Max Power Dissipation:125mW from Part R207
Removed Parameter Max Thickness:1.45 mm from Part C201
Removed Parameter Max Thickness:1.45 mm from Part C202
Removed Parameter Max Thickness:1.45 mm from Part C203
Removed Parameter Military Standard:Not from Part R203
Removed Parameter Military Standard:Not from Part R207
Removed Parameter Min Operating Temperature:-55 degC from Part C200
Removed Parameter Min Operating Temperature:-55degC from Part R203
Removed Parameter Min Operating Temperature:-55 degC from Part R204
Removed Parameter Min Operating Temperature:-55 degC from Part R205
Removed Parameter Min Operating Temperature:-55 degC from Part R206
Removed Parameter Min Operating Temperature:-55degC from Part R207
Removed Parameter Min Operating Temperature:-55 degC from Part R208
Removed Parameter Mount:Surface Mount from Part C200
Removed Parameter Mount:Surface Mount from Part R204
Removed Parameter Mount:Surface Mount from Part R205
Removed Parameter Mount:Surface Mount from Part R206
Removed Parameter Mount:Surface Mount from Part R208
Removed Parameter Mounting Technology:Surface Mount from Part R204
Removed Parameter Mounting Technology:Surface Mount from Part R205
Removed Parameter Mounting Technology:Surface Mount from Part R206
Removed Parameter Mounting Technology:Surface Mount from Part R208
Removed Parameter Mounting Technology:Surface Mount from Part U200
Removed Parameter Mounting Technology:Through-hole from Part P200
Removed Parameter No. of Pins:3 from Part Q200
Removed Parameter No. of Pins:3 from Part Q201
Removed Parameter No. of Pins:3 from Part Q202
Removed Parameter No. of Pins:3 from Part Q203
Removed Parameter No. of Transistors:1 from Part Q200
Removed Parameter No. of Transistors:1 from Part Q201
Removed Parameter No. of Transistors:1 from Part Q202
Removed Parameter No. of Transistors:1 from Part Q203
Removed Parameter NoPins:04 from Part SW200
Removed Parameter NoPins:04 from Part SW201
Removed Parameter NoPins:04 from Part SW202
Removed Parameter NoPins:04 from Part SW203
Removed Parameter Number of Pins:2 from Part R203
Removed Parameter Number of Pins:2 from Part R207
Removed Parameter Number of Terminations:2 from Part R203
Removed Parameter Number of Terminations:2 from Part R207
Removed Parameter On Resistance Rds(on):250mohm from Part Q200
Removed Parameter On Resistance Rds(on):250mohm from Part Q201
Removed Parameter On Resistance Rds(on):250mohm from Part Q202
Removed Parameter On Resistance Rds(on):250mohm from Part Q203
Removed Parameter Operating Temperature Range:-55degCto+150degC from Part Q200
Removed Parameter Operating Temperature Range:-55degCto+150degC from Part Q201
Removed Parameter Operating Temperature Range:-55degCto+150degC from Part Q202
Removed Parameter Operating Temperature Range:-55degCto+150degC from Part Q203
Removed Parameter Orientation:Vertical from Part P200
Removed Parameter Package / Case:SOT-23 from Part Q200
Removed Parameter Package / Case:SOT-23 from Part Q201
Removed Parameter Package / Case:SOT-23 from Part Q202
Removed Parameter Package / Case:SOT-23 from Part Q203
Removed Parameter PackageDescription:2-Pin Surface Mount Device, Body 1.6 x 0.8 mm from Part C204
Removed Parameter PackageDescription:2-Pin Surface Mount Device, Body 1.6 x 0.8 mm from Part C205
Removed Parameter PackageDescription:2-Pin Surface Mount Device, Body 3.2 x 1.6 mm from Part C200
Removed Parameter Package Description:2-Pin Surface Mounted Device, Body 2 x 1.25 mm from Part R203
Removed Parameter PackageDescription:2-Pin Surface Mounted Device, Body 2 x 1.25 mm from Part R204
Removed Parameter PackageDescription:2-Pin Surface Mounted Device, Body 2 x 1.25 mm from Part R205
Removed Parameter PackageDescription:2-Pin Surface Mounted Device, Body 2 x 1.25 mm from Part R206
Removed Parameter Package Description:2-Pin Surface Mounted Device, Body 2 x 1.25 mm from Part R207
Removed Parameter PackageDescription:2-Pin Surface Mounted Device, Body 2 x 1.25 mm from Part R208
Removed Parameter PackageDescription:28-Lead Plastic Shrink Small Outline, 10.2 x 5.3 mm Body, 0.65 mm Pitch from Part U200
Removed Parameter PackageDescription:.025[0.64] SQ. Post Terminal Strip Assembly from Part P200
Removed Parameter Package Quantity:1 from Part R203
Removed Parameter Package Quantity:1 from Part R207
Removed Parameter Package Quantity:200 from Part R208
Removed Parameter Package Quantity:4000 from Part C200
Removed Parameter Package Quantity:5000 from Part R204
Removed Parameter Package Quantity:5000 from Part R205
Removed Parameter Package Quantity:5000 from Part R206
Removed Parameter Package Reference:0805 from Part R203
Removed Parameter Package Reference:0805 from Part R207
Removed Parameter PackageVersion:C04-073B from Part U200
Removed Parameter PackageVersion:DM, 8/1988 from Part P200
Removed Parameter Packaging:Tape and Reel from Part C200
Removed Parameter Packaging:TapeandReel from Part R203
Removed Parameter Packaging:Tape and Reel from Part R204
Removed Parameter Packaging:Tape and Reel from Part R205
Removed Parameter Packaging:Tape and Reel from Part R206
Removed Parameter Packaging:TapeandReel from Part R207
Removed Parameter Packaging:Tape and Reel from Part R208
Removed Parameter Pin Number:6P6C from Part J200
Removed Parameter Pins:2 from Part C200
Removed Parameter Pins:2 from Part R204
Removed Parameter Pins:2 from Part R205
Removed Parameter Pins:2 from Part R206
Removed Parameter Pins:2 from Part R208
Removed Parameter Pitch:2.54 mm from Part P200
Removed Parameter Port:1x1 from Part J200
Removed Parameter Power:0.125 W from Part R200
Removed Parameter Power:0.125 W from Part R201
Removed Parameter Power:0.125 W from Part R202
Removed Parameter Power Dissipation Pd:540mW from Part Q200
Removed Parameter Power Dissipation Pd:540mW from Part Q201
Removed Parameter Power Dissipation Pd:540mW from Part Q202
Removed Parameter Power Dissipation Pd:540mW from Part Q203
Removed Parameter Power Rating:125mW from Part R203
Removed Parameter Power Rating:125mW from Part R207
Removed Parameter Published Date:September 2017 from Part J200
Removed Parameter Pulse Current Idm:7.4A from Part Q200
Removed Parameter Pulse Current Idm:7.4A from Part Q201
Removed Parameter Pulse Current Idm:7.4A from Part Q202
Removed Parameter Pulse Current Idm:7.4A from Part Q203
Removed Parameter Radiation Hardening:No from Part C200
Removed Parameter Rated Current:1.5 A from Part J200
Removed Parameter Rated Voltage:16 V from Part C201
Removed Parameter Rated Voltage:16 V from Part C202
Removed Parameter Rated Voltage:16 V from Part C203
Removed Parameter Rds(on) Test Voltage Vgs:4.5V from Part Q200
Removed Parameter Rds(on) Test Voltage Vgs:4.5V from Part Q201
Removed Parameter Rds(on) Test Voltage Vgs:4.5V from Part Q202
Removed Parameter Rds(on) Test Voltage Vgs:4.5V from Part Q203
Removed Parameter REACH SVHC:No SVHC from Part C200
Removed Parameter REACH SVHC:No SVHC from Part R204
Removed Parameter REACH SVHC:No SVHC from Part R205
Removed Parameter REACH SVHC:No SVHC from Part R206
Removed Parameter REACH SVHC:No SVHC from Part R208
Removed Parameter REACH SVHC:Unknown from Part R203
Removed Parameter REACH SVHC:Unknown from Part R207
Removed Parameter Reel Quantity:3000 from Part Q200
Removed Parameter Reel Quantity:3000 from Part Q201
Removed Parameter Reel Quantity:3000 from Part Q202
Removed Parameter Reel Quantity:3000 from Part Q203
Removed Parameter Resistance:1KOhm from Part R203
Removed Parameter Resistance:1KOhm from Part R207
Removed Parameter RoHS:True from Part P200
Removed Parameter SMD Marking:1A from Part Q200
Removed Parameter SMD Marking:1A from Part Q201
Removed Parameter SMD Marking:1A from Part Q202
Removed Parameter SMD Marking:1A from Part Q203
Removed Parameter SVHC:NoSVHC(19-Dec-2012) from Part Q200
Removed Parameter SVHC:NoSVHC(19-Dec-2012) from Part Q201
Removed Parameter SVHC:NoSVHC(19-Dec-2012) from Part Q202
Removed Parameter SVHC:NoSVHC(19-Dec-2012) from Part Q203
Removed Parameter Tape Width:8mm from Part Q200
Removed Parameter Tape Width:8mm from Part Q201
Removed Parameter Tape Width:8mm from Part Q202
Removed Parameter Tape Width:8mm from Part Q203
Removed Parameter Technology:SMT from Part C201
Removed Parameter Technology:SMT from Part C202
Removed Parameter Technology:SMT from Part C203
Removed Parameter Technology:SMT from Part R200
Removed Parameter Technology:SMT from Part R201
Removed Parameter Technology:SMT from Part R202
Removed Parameter Temperature Coefficient:100ppm/degreesC from Part R203
Removed Parameter Temperature Coefficient:100ppm/degreesC from Part R207
Removed Parameter Temperature Range:-55 to 125 degC from Part P200
Removed Parameter Termination:SMD/SMT from Part R203
Removed Parameter Termination:SMD/SMT from Part R207
Removed Parameter Termination Type:SMD from Part Q200
Removed Parameter Termination Type:SMD from Part Q201
Removed Parameter Termination Type:SMD from Part Q202
Removed Parameter Termination Type:SMD from Part Q203
Removed Parameter Threshold Voltage Vgs Typ:700mV from Part Q200
Removed Parameter Threshold Voltage Vgs Typ:700mV from Part Q201
Removed Parameter Threshold Voltage Vgs Typ:700mV from Part Q202
Removed Parameter Threshold Voltage Vgs Typ:700mV from Part Q203
Removed Parameter Transistor Case Style:SOT-23 from Part Q200
Removed Parameter Transistor Case Style:SOT-23 from Part Q201
Removed Parameter Transistor Case Style:SOT-23 from Part Q202
Removed Parameter Transistor Case Style:SOT-23 from Part Q203
Removed Parameter Transistor Polarity:NChannel from Part Q200
Removed Parameter Transistor Polarity:NChannel from Part Q201
Removed Parameter Transistor Polarity:NChannel from Part Q202
Removed Parameter Transistor Polarity:NChannel from Part Q203
Removed Parameter Type (Capacitors):C0G from Part C200
Removed Parameter Voltage Vds Typ:20V from Part Q200
Removed Parameter Voltage Vds Typ:20V from Part Q201
Removed Parameter Voltage Vds Typ:20V from Part Q202
Removed Parameter Voltage Vds Typ:20V from Part Q203
Removed Parameter Voltage Vgs Max:700mV from Part Q200
Removed Parameter Voltage Vgs Max:700mV from Part Q201
Removed Parameter Voltage Vgs Max:700mV from Part Q202
Removed Parameter Voltage Vgs Max:700mV from Part Q203
Removed Parameter Voltage Vgs Rds on Measurement:4.5V from Part Q200
Removed Parameter Voltage Vgs Rds on Measurement:4.5V from Part Q201
Removed Parameter Voltage Vgs Rds on Measurement:4.5V from Part Q202
Removed Parameter Voltage Vgs Rds on Measurement:4.5V from Part Q203
Removed Parameter Voltage Vgs th Min:700mV from Part Q200
Removed Parameter Voltage Vgs th Min:700mV from Part Q201
Removed Parameter Voltage Vgs th Min:700mV from Part Q202
Removed Parameter Voltage Vgs th Min:700mV from Part Q203
Removed Parameter Width:0.8 mm from Part C200
Removed Parameter Width:0.049inch from Part R203
Removed Parameter Width:0.049inch from Part R207
Removed Parameter Withstanding Voltage:1000 VAC from Part J200
Removed Parameter Working Voltage:120 VAC from Part J200
