Change Value of Parameter PackageCase in Part C200 Old=Case Code (Imperial) New=PackageCase
Change Value of Parameter PackageCase in Part C201 Old=Case Code (Imperial) New=PackageCase
Change Value of Parameter PackageCase in Part C202 Old=Case Code (Imperial) New=PackageCase
Change Value of Parameter PackageCase in Part C203 Old=Case Code (Imperial) New=PackageCase
Change Value of Parameter PackageCase in Part C204 Old=Case Code (Imperial) New=PackageCase
Change Value of Parameter PackageCase in Part C205 Old=Case Code (Imperial) New=PackageCase
Change Value of Parameter PackageCase in Part P200 Old=Case Code (Imperial) New=PackageCase
Change Value of Parameter PackageCase in Part R200 Old=Case Code (Imperial) New=PackageCase
Change Value of Parameter PackageCase in Part R201 Old=Case Code (Imperial) New=PackageCase
Change Value of Parameter PackageCase in Part R202 Old=Case Code (Imperial) New=PackageCase
Change Value of Parameter PackageCase in Part R203 Old=Case Code (Imperial) New=PackageCase
Change Value of Parameter PackageCase in Part R204 Old=Case Code (Imperial) New=PackageCase
Change Value of Parameter PackageCase in Part R205 Old=Case Code (Imperial) New=PackageCase
Change Value of Parameter PackageCase in Part R206 Old=Case Code (Imperial) New=PackageCase
Change Value of Parameter PackageCase in Part R207 Old=Case Code (Imperial) New=PackageCase
Change Value of Parameter PackageCase in Part R208 Old=Case Code (Imperial) New=PackageCase
Change Value of Parameter PackageCase in Part SW200 Old=Case Code (Imperial) New=PackageCase
Change Value of Parameter PackageCase in Part SW201 Old=Case Code (Imperial) New=PackageCase
Change Value of Parameter PackageCase in Part SW202 Old=Case Code (Imperial) New=PackageCase
Change Value of Parameter PackageCase in Part SW203 Old=Case Code (Imperial) New=PackageCase
Change Value of Parameter PackageCase in Part U200 Old=Case Code (Imperial) New=PackageCase
