Added Parameter PackageCase=SOT-23 to Part Q200
Added Parameter PackageCase=SOT-23 to Part Q201
Added Parameter PackageCase=SOT-23 to Part Q202
Added Parameter PackageCase=SOT-23 to Part Q203
Added Parameter PackageCase=XBee to Part X200
Added Parameter PartNumber=IRLML2402TRBF to Part Q200
Added Parameter PartNumber=IRLML2402TRBF to Part Q201
Added Parameter PartNumber=IRLML2402TRBF to Part Q202
Added Parameter PartNumber=IRLML2402TRBF to Part Q203
Added Parameter PartNumber=PS1240P02BT to Part U201
Added Parameter Supplier=Digi-key to Part Q200
Added Parameter Supplier=Digi-key to Part Q201
Added Parameter Supplier=Digi-key to Part Q202
Added Parameter Supplier=Digi-key to Part Q203
Added Parameter Supplier=Digi-key to Part SW200
Added Parameter Supplier=Digi-key to Part SW201
Added Parameter Supplier=Digi-key to Part SW202
Added Parameter Supplier=Digi-key to Part SW203
Added Parameter Supplier=Digi-key to Part U200
Added Parameter Supplier=Digi-key to Part U201
Added Parameter Supplier PN=445-2525-3-ND to Part U201
Added Parameter Supplier PN=732-6995-2-ND to Part SW200
Added Parameter Supplier PN=732-6995-2-ND to Part SW201
Added Parameter Supplier PN=732-6995-2-ND to Part SW202
Added Parameter Supplier PN=732-6995-2-ND to Part SW203
Added Parameter Supplier PN=IRLML2402PBFCT-ND to Part Q200
Added Parameter Supplier PN=IRLML2402PBFCT-ND to Part Q201
Added Parameter Supplier PN=IRLML2402PBFCT-ND to Part Q202
Added Parameter Supplier PN=IRLML2402PBFCT-ND to Part Q203
Added Parameter Supplier PN=PIC32MX130F064B-I/SS-ND  to Part U200
Added Parameter Value=2x10 to Part X200
