Change Component Footprint: Designator=C100 Old Footprint=CAPC2013X100X20LL20 New Footprint=CAPC2013X100X20NL20
Change Component Footprint: Designator=U200 Old Footprint=MCHP-SSOP-SS28_L New Footprint=MCHP-SOIC-SO28_L
Change Component Comment : Designator=R208 Old Comment=47k New Comment=10k
Change Component Comment : Designator=J200 Old Comment=615006143621 New Comment=RJ12
Change Component Comment : Designator=LT100 Old Comment=LT1790 New Comment=LT1790BCS6
Change Component Comment : Designator=U200 Old Comment=PIC32MX130F064B-I/SS New Comment=PIC32MX130F064B-I/SO
Change component parameters: Designator = "X200"; Footprint = "ZB-SB"; UniqueID = "\XKRSHQMH\JMGRLSTC"
Change component parameters. Clean all parameters for all variants
Change component parameters (AddParameter): Name = "PackageCase"; Value = "XBee"; VariantName = "[No Variations]"
Change component parameters (AddParameter): Name = "Value"; Value = "2x10"; VariantName = "[No Variations]"
Change component parameters: Designator = "U201"; Footprint = "Buzzer"; UniqueID = "\XKRSHQMH\UGKJHBOY"
Change component parameters. Clean all parameters for all variants
Change component parameters (AddParameter): Name = "Manufacturer"; Value = "TDK Corporation"; VariantName = "[No Variations]"
Change component parameters (AddParameter): Name = "PartNumber"; Value = "PS1240P02BT"; VariantName = "[No Variations]"
Change component parameters (AddParameter): Name = "Supplier"; Value = "Digi-key"; VariantName = "[No Variations]"
Change component parameters (AddParameter): Name = "Supplier PN"; Value = "445-2525-3-ND"; VariantName = "[No Variations]"
Change component parameters: Designator = "LT100"; Footprint = "SOT-23"; UniqueID = "\GMRICTUX\KCTPILPM"
Change component parameters. Clean all parameters for all variants
Change component parameters (AddParameter): Name = "Manufacturer"; Value = "Linear Technology"; VariantName = "[No Variations]"
Change component parameters (AddParameter): Name = "PackageCase"; Value = "SOT-23"; VariantName = "[No Variations]"
Change component parameters (AddParameter): Name = "PartNumber"; Value = "LT1790BCS6-2.048#TRMPBF"; VariantName = "[No Variations]"
Change component parameters (AddParameter): Name = "Supplier"; Value = "Digi-key"; VariantName = "[No Variations]"
Change component parameters (AddParameter): Name = "Supplier PN"; Value = "LT1790BCS6-2.048#TRMPBFCT-ND"; VariantName = "[No Variations]"
Change component parameters: Designator = "U200"; Footprint = "MCHP-SOIC-SO28_L"; UniqueID = "\XKRSHQMH\IGJWBLID"
Change component parameters. Clean all parameters for all variants
Change component parameters (AddParameter): Name = "ComponentLink1Description"; Value = "Manufacturer URL"; VariantName = "[No Variations]"
Change component parameters (AddParameter): Name = "ComponentLink1URL"; Value = "http://www.microchip.com"; VariantName = "[No Variations]"
Change component parameters (AddParameter): Name = "ComponentLink2Description"; Value = "Datasheet"; VariantName = "[No Variations]"
Change component parameters (AddParameter): Name = "ComponentLink2URL"; Value = "http://ww1.microchip.com/downloads/en/DeviceDoc/61168E.pdf"; VariantName = "[No Variations]"
Change component parameters (AddParameter): Name = "ComponentLink3Description"; Value = "Package Specification"; VariantName = "[No Variations]"
Change component parameters (AddParameter): Name = "ComponentLink3URL"; Value = "http://www.microchip.com/stellent/groups/techpub_sg/documents/packagingspec/en012702.pdf"; VariantName = "[No Variations]"
Change component parameters (AddParameter): Name = "ComponentLink4Description"; Value = "Product URL"; VariantName = "[No Variations]"
Change component parameters (AddParameter): Name = "ComponentLink4URL"; Value = "http://www.microchip.com/PIC32MX130F064B"; VariantName = "[No Variations]"
Change component parameters (AddParameter): Name = "DatasheetVersion"; Value = "Rev. E"; VariantName = "[No Variations]"
Change component parameters (AddParameter): Name = "Manufacturer"; Value = "Microchip"; VariantName = "[No Variations]"
Change component parameters (AddParameter): Name = "Mounting Technology"; Value = "Surface Mount"; VariantName = "[No Variations]"
Change component parameters (AddParameter): Name = "PackageDescription"; Value = "28-Lead Plastic Small Outline, 17.9 x 7.5 mm Body, 1.27 mm Pitch"; VariantName = "[No Variations]"
Change component parameters (AddParameter): Name = "PackageReference"; Value = "SOIC-SO28"; VariantName = "[No Variations]"
Change component parameters (AddParameter): Name = "PackageVersion"; Value = "C04-052C"; VariantName = "[No Variations]"
Change component parameters (AddParameter): Name = "PartNumber"; Value = "PIC32MX130F064B-I/SO"; VariantName = "[No Variations]"
Change component parameters: Designator = "Q204"; Footprint = "Oscillator"; UniqueID = "\XKRSHQMH\DSMNIHMY"
Change component parameters. Clean all parameters for all variants
Change component parameters (AddParameter): Name = "Manufacturer"; Value = "IQD"; VariantName = "[No Variations]"
Change component parameters (AddParameter): Name = "PartNumber"; Value = "LF XTAL003151"; VariantName = "[No Variations]"
Change component parameters (AddParameter): Name = "Supplier"; Value = "Distrelec"; VariantName = "[No Variations]"
Change component parameters (AddParameter): Name = "Supplier PN"; Value = "174-52-030"; VariantName = "[No Variations]"
Change component parameters (AddParameter): Name = "Value"; Value = "8MHz"; VariantName = "[No Variations]"
Change component parameters: Designator = "BT100"; Footprint = "BatterySupport"; UniqueID = "\GMRICTUX\IYRAECHN"
Change component parameters. Clean all parameters for all variants
Change component parameters (AddParameter): Name = "Manufacturer"; Value = "Keystone Electronics"; VariantName = "[No Variations]"
Change component parameters (AddParameter): Name = "PartNumber"; Value = "1022"; VariantName = "[No Variations]"
Change component parameters (AddParameter): Name = "Supplier"; Value = "Digi-key"; VariantName = "[No Variations]"
Change component parameters (AddParameter): Name = "Supplier PN"; Value = "36-1022-ND"; VariantName = "[No Variations]"
Change component parameters (AddParameter): Name = "Value"; Value = "2x 1V5"; VariantName = "[No Variations]"
Change component parameters: Designator = "R103"; Footprint = "RESC0805(2012)_N"; UniqueID = "\GMRICTUX\MBTCUGEU"
Change component parameters. Clean all parameters for all variants
Change component parameters (AddParameter): Name = "PackageCase"; Value = "0805"; VariantName = "[No Variations]"
Change component parameters (AddParameter): Name = "Value"; Value = "1100.00 Ohm"; VariantName = "[No Variations]"
Change component parameters: Designator = "R104"; Footprint = "RESC0805(2012)_L"; UniqueID = "\GMRICTUX\KJPPUDIS"
Change component parameters. Clean all parameters for all variants
Change component parameters (AddParameter): Name = "PackageCase"; Value = "0805"; VariantName = "[No Variations]"
Change component parameters (AddParameter): Name = "Value"; Value = "2200.00 Ohm"; VariantName = "[No Variations]"
Change component parameters: Designator = "R200"; Footprint = "RESC0805(2012)_M"; UniqueID = "\XKRSHQMH\WSLYSABC"
Change component parameters. Clean all parameters for all variants
Change component parameters (AddParameter): Name = "PackageCase"; Value = "0805"; VariantName = "[No Variations]"
Change component parameters (AddParameter): Name = "Value"; Value = "330.00 Ohm"; VariantName = "[No Variations]"
Change component parameters: Designator = "R201"; Footprint = "RESC0805(2012)_N"; UniqueID = "\XKRSHQMH\KILGPBBU"
Change component parameters. Clean all parameters for all variants
Change component parameters (AddParameter): Name = "PackageCase"; Value = "0805"; VariantName = "[No Variations]"
Change component parameters (AddParameter): Name = "Value"; Value = "750.00 Ohm"; VariantName = "[No Variations]"
Change component parameters: Designator = "R202"; Footprint = "RESC0805(2012)_N"; UniqueID = "\XKRSHQMH\XDSATXPW"
Change component parameters. Clean all parameters for all variants
Change component parameters (AddParameter): Name = "PackageCase"; Value = "0805"; VariantName = "[No Variations]"
Change component parameters (AddParameter): Name = "Value"; Value = "750.00 Ohm"; VariantName = "[No Variations]"
Change component parameters: Designator = "D200"; Footprint = "LED_0805"; UniqueID = "\XKRSHQMH\FAUJNNRC"
Change component parameters. Clean all parameters for all variants
Change component parameters (AddParameter): Name = "Manufacturer"; Value = "Kingbright"; VariantName = "[No Variations]"
Change component parameters (AddParameter): Name = "PartNumber"; Value = "APTD20120LZGCK"; VariantName = "[No Variations]"
Change component parameters (AddParameter): Name = "Supplier"; Value = "Mouser"; VariantName = "[No Variations]"
Change component parameters (AddParameter): Name = "Supplier PN"; Value = "604-APTD2012LZGCK"; VariantName = "[No Variations]"
Change component parameters (AddParameter): Name = "Value"; Value = "Green"; VariantName = "[No Variations]"
Change component parameters (AddParameter): Name = "Voltage Rating"; Value = "2V65"; VariantName = "[No Variations]"
Change component parameters: Designator = "D201"; Footprint = "LED_0805"; UniqueID = "\XKRSHQMH\LCXLYWEM"
Change component parameters. Clean all parameters for all variants
Change component parameters (AddParameter): Name = "Manufacturer"; Value = "Kingbright"; VariantName = "[No Variations]"
Change component parameters (AddParameter): Name = "PartNumber"; Value = "APTD2012LSYCK"; VariantName = "[No Variations]"
Change component parameters (AddParameter): Name = "Supplier"; Value = "Mouser"; VariantName = "[No Variations]"
Change component parameters (AddParameter): Name = "Supplier PN"; Value = "604-APTD2012LSYCK"; VariantName = "[No Variations]"
Change component parameters (AddParameter): Name = "Value"; Value = "Yellow"; VariantName = "[No Variations]"
Change component parameters (AddParameter): Name = "Voltage Rating"; Value = "1V85"; VariantName = "[No Variations]"
Change component parameters: Designator = "D202"; Footprint = "LED_0805"; UniqueID = "\XKRSHQMH\HVHUAOAV"
Change component parameters. Clean all parameters for all variants
Change component parameters (AddParameter): Name = "Manufacturer"; Value = "Kingbright"; VariantName = "[No Variations]"
Change component parameters (AddParameter): Name = "PartNumber"; Value = "APTD2012LSURCK"; VariantName = "[No Variations]"
Change component parameters (AddParameter): Name = "Supplier"; Value = "Mouser"; VariantName = "[No Variations]"
Change component parameters (AddParameter): Name = "Supplier PN"; Value = "604-APTD2012LSURCK"; VariantName = "[No Variations]"
Change component parameters (AddParameter): Name = "Value"; Value = "Red"; VariantName = "[No Variations]"
Change component parameters (AddParameter): Name = "Voltage Rating"; Value = "1V75"; VariantName = "[No Variations]"
Change component parameters: Designator = "C101"; Footprint = "CAPC0805(2012)145_M"; UniqueID = "\GMRICTUX\CJSJRCYP"
Change component parameters. Clean all parameters for all variants
Change component parameters (AddParameter): Name = "PackageCase"; Value = "0805"; VariantName = "[No Variations]"
Change component parameters (AddParameter): Name = "Value"; Value = "100nF"; VariantName = "[No Variations]"
Change component parameters: Designator = "C104"; Footprint = "CAPC0805(2012)145_L"; UniqueID = "\GMRICTUX\QKNOANYW"
Change component parameters. Clean all parameters for all variants
Change component parameters (AddParameter): Name = "PackageCase"; Value = "0805"; VariantName = "[No Variations]"
Change component parameters (AddParameter): Name = "Value"; Value = "6.8uF"; VariantName = "[No Variations]"
Change component parameters: Designator = "C201"; Footprint = "CAPC0805(2012)145_M"; UniqueID = "\XKRSHQMH\ESPDFVXU"
Change component parameters. Clean all parameters for all variants
Change component parameters (AddParameter): Name = "PackageCase"; Value = "0805"; VariantName = "[No Variations]"
Change component parameters (AddParameter): Name = "Value"; Value = "100nF"; VariantName = "[No Variations]"
Change component parameters: Designator = "C202"; Footprint = "CAPC0805(2012)145_M"; UniqueID = "\XKRSHQMH\MMJUTVKI"
Change component parameters. Clean all parameters for all variants
Change component parameters (AddParameter): Name = "PackageCase"; Value = "0805"; VariantName = "[No Variations]"
Change component parameters (AddParameter): Name = "Value"; Value = "100nF"; VariantName = "[No Variations]"
Change component parameters: Designator = "C203"; Footprint = "CAPC0805(2012)145_M"; UniqueID = "\XKRSHQMH\FTTKDWBQ"
Change component parameters. Clean all parameters for all variants
Change component parameters (AddParameter): Name = "PackageCase"; Value = "0805"; VariantName = "[No Variations]"
Change component parameters (AddParameter): Name = "Value"; Value = "100nF"; VariantName = "[No Variations]"
Change component parameters: Designator = "SW100"; Footprint = "430152050836"; UniqueID = "\GMRICTUX\OUNBALXA"
Change component parameters. Clean all parameters for all variants
Change component parameters (AddParameter): Name = "Manufacturer"; Value = "Wuerth Elektronik"; VariantName = "[No Variations]"
Change component parameters (AddParameter): Name = "PackageCase"; Value = "430152050836"; VariantName = "[No Variations]"
Change component parameters (AddParameter): Name = "PartNumber"; Value = "430152050836"; VariantName = "[No Variations]"
Change component parameters (AddParameter): Name = "Supplier"; Value = "Digi-key"; VariantName = "[No Variations]"
Change component parameters (AddParameter): Name = "Supplier PN"; Value = "732-6995-2-ND"; VariantName = "[No Variations]"
Change component parameters: Designator = "SW200"; Footprint = "430152050836"; UniqueID = "\XKRSHQMH\CGIJAAFM"
Change component parameters. Clean all parameters for all variants
Change component parameters (AddParameter): Name = "Manufacturer"; Value = "Wuerth Elektronik"; VariantName = "[No Variations]"
Change component parameters (AddParameter): Name = "PackageCase"; Value = "430152050836"; VariantName = "[No Variations]"
Change component parameters (AddParameter): Name = "PartNumber"; Value = "430152050836"; VariantName = "[No Variations]"
Change component parameters (AddParameter): Name = "Supplier"; Value = "Digi-key"; VariantName = "[No Variations]"
Change component parameters (AddParameter): Name = "Supplier PN"; Value = "732-6995-2-ND"; VariantName = "[No Variations]"
Change component parameters: Designator = "SW201"; Footprint = "430152050836"; UniqueID = "\XKRSHQMH\GHWXPSCG"
Change component parameters. Clean all parameters for all variants
Change component parameters (AddParameter): Name = "Manufacturer"; Value = "Wuerth Elektronik"; VariantName = "[No Variations]"
Change component parameters (AddParameter): Name = "PackageCase"; Value = "430152050836"; VariantName = "[No Variations]"
Change component parameters (AddParameter): Name = "PartNumber"; Value = "430152050836"; VariantName = "[No Variations]"
Change component parameters (AddParameter): Name = "Supplier"; Value = "Digi-key"; VariantName = "[No Variations]"
Change component parameters (AddParameter): Name = "Supplier PN"; Value = "732-6995-2-ND"; VariantName = "[No Variations]"
Change component parameters: Designator = "SW202"; Footprint = "430152050836"; UniqueID = "\XKRSHQMH\WDTTYNJN"
Change component parameters. Clean all parameters for all variants
Change component parameters (AddParameter): Name = "Manufacturer"; Value = "Wuerth Elektronik"; VariantName = "[No Variations]"
Change component parameters (AddParameter): Name = "PackageCase"; Value = "430152050836"; VariantName = "[No Variations]"
Change component parameters (AddParameter): Name = "PartNumber"; Value = "430152050836"; VariantName = "[No Variations]"
Change component parameters (AddParameter): Name = "Supplier"; Value = "Digi-key"; VariantName = "[No Variations]"
Change component parameters (AddParameter): Name = "Supplier PN"; Value = "732-6995-2-ND"; VariantName = "[No Variations]"
Change component parameters: Designator = "SW203"; Footprint = "430152050836"; UniqueID = "\XKRSHQMH\PWUVCRIO"
Change component parameters. Clean all parameters for all variants
Change component parameters (AddParameter): Name = "Manufacturer"; Value = "Wuerth Elektronik"; VariantName = "[No Variations]"
Change component parameters (AddParameter): Name = "PackageCase"; Value = "430152050836"; VariantName = "[No Variations]"
Change component parameters (AddParameter): Name = "PartNumber"; Value = "430152050836"; VariantName = "[No Variations]"
Change component parameters (AddParameter): Name = "Supplier"; Value = "Digi-key"; VariantName = "[No Variations]"
Change component parameters (AddParameter): Name = "Supplier PN"; Value = "732-6995-2-ND"; VariantName = "[No Variations]"
Change component parameters: Designator = "C204"; Footprint = "CAPC1608X90X40LL10T20"; UniqueID = "\XKRSHQMH\WNHIBROX"
Change component parameters. Clean all parameters for all variants
Change component parameters (AddParameter): Name = "Manufacturer"; Value = "AVX"; VariantName = "[No Variations]"
Change component parameters (AddParameter): Name = "PackageCase"; Value = "0603"; VariantName = "[No Variations]"
Change component parameters (AddParameter): Name = "PartNumber"; Value = "06033J220GBSTR"; VariantName = "[No Variations]"
Change component parameters (AddParameter): Name = "Supplier"; Value = "Farnell"; VariantName = "[No Variations]"
Change component parameters (AddParameter): Name = "Supplier PN"; Value = "1327595"; VariantName = "[No Variations]"
Change component parameters (AddParameter): Name = "Value"; Value = "22pF"; VariantName = "[No Variations]"
Change component parameters (AddParameter): Name = "Voltage Rating"; Value = "25V"; VariantName = "[No Variations]"
Change component parameters: Designator = "C205"; Footprint = "CAPC1608X90X40LL10T20"; UniqueID = "\XKRSHQMH\LRYWCDBT"
Change component parameters. Clean all parameters for all variants
Change component parameters (AddParameter): Name = "Manufacturer"; Value = "AVX"; VariantName = "[No Variations]"
Change component parameters (AddParameter): Name = "PackageCase"; Value = "0603"; VariantName = "[No Variations]"
Change component parameters (AddParameter): Name = "PartNumber"; Value = "06033J220GBSTR"; VariantName = "[No Variations]"
Change component parameters (AddParameter): Name = "Supplier"; Value = "Farnell"; VariantName = "[No Variations]"
Change component parameters (AddParameter): Name = "Supplier PN"; Value = "1327595"; VariantName = "[No Variations]"
Change component parameters (AddParameter): Name = "Value"; Value = "22pF"; VariantName = "[No Variations]"
Change component parameters (AddParameter): Name = "Voltage Rating"; Value = "25V"; VariantName = "[No Variations]"
Change component parameters: Designator = "J200"; Footprint = "615006143621"; UniqueID = "\XKRSHQMH\IQADKKTB"
Change component parameters. Clean all parameters for all variants
Change component parameters (AddParameter): Name = "Manufacturer"; Value = "Wurth Elektronik"; VariantName = "[No Variations]"
Change component parameters (AddParameter): Name = "PartNumber"; Value = "615006143621"; VariantName = "[No Variations]"
Change component parameters (AddParameter): Name = "Supplier"; Value = "Distrelec"; VariantName = "[No Variations]"
Change component parameters (AddParameter): Name = "Supplier PN"; Value = "142-57-070"; VariantName = "[No Variations]"
Change component parameters: Designator = "P200"; Footprint = "SMTC-TSW-103-07-X-S"; UniqueID = "\XKRSHQMH\JYQTCPYJ"
Change component parameters. Clean all parameters for all variants
Change component parameters (AddParameter): Name = "Manufacturer"; Value = "Samtec"; VariantName = "[No Variations]"
Change component parameters (AddParameter): Name = "PackageCase"; Value = "TSW-103-07-X-S"; VariantName = "[No Variations]"
Change component parameters (AddParameter): Name = "PartNumber"; Value = "TSW-103-07-F-S"; VariantName = "[No Variations]"
Change component parameters (AddParameter): Name = "Supplier"; Value = "Digi-key"; VariantName = "[No Variations]"
Change component parameters (AddParameter): Name = "Supplier PN"; Value = "SAM8995-ND"; VariantName = "[No Variations]"
Change component parameters (AddParameter): Name = "Value"; Value = "1x3"; VariantName = "[No Variations]"
Change component parameters: Designator = "R204"; Footprint = "RESC2013X60X35NL10T20"; UniqueID = "\XKRSHQMH\SYDTAGDP"
Change component parameters. Clean all parameters for all variants
Change component parameters (AddParameter): Name = "PackageCase"; Value = "0805"; VariantName = "[No Variations]"
Change component parameters (AddParameter): Name = "Value"; Value = "10k"; VariantName = "[No Variations]"
Change component parameters (AddParameter): Name = "Voltage Rating"; Value = "150 V"; VariantName = "[No Variations]"
Change component parameters: Designator = "R205"; Footprint = "RESC2013X60X35NL10T20"; UniqueID = "\XKRSHQMH\BLHJNNEW"
Change component parameters. Clean all parameters for all variants
Change component parameters (AddParameter): Name = "PackageCase"; Value = "0805"; VariantName = "[No Variations]"
Change component parameters (AddParameter): Name = "Value"; Value = "10k"; VariantName = "[No Variations]"
Change component parameters (AddParameter): Name = "Voltage Rating"; Value = "150 V"; VariantName = "[No Variations]"
Change component parameters: Designator = "R206"; Footprint = "RESC2013X60X35NL10T20"; UniqueID = "\XKRSHQMH\UTJGAPER"
Change component parameters. Clean all parameters for all variants
Change component parameters (AddParameter): Name = "PackageCase"; Value = "0805"; VariantName = "[No Variations]"
Change component parameters (AddParameter): Name = "Value"; Value = "10k"; VariantName = "[No Variations]"
Change component parameters (AddParameter): Name = "Voltage Rating"; Value = "150 V"; VariantName = "[No Variations]"
Change component parameters: Designator = "R208"; Footprint = "RESC2013X60X35NL10T20"; UniqueID = "\XKRSHQMH\CBUTJLDD"
Change component parameters. Clean all parameters for all variants
Change component parameters (AddParameter): Name = "PackageCase"; Value = "0805"; VariantName = "[No Variations]"
Change component parameters (AddParameter): Name = "Value"; Value = "10k"; VariantName = "[No Variations]"
Change component parameters (AddParameter): Name = "Voltage Rating"; Value = "150 V"; VariantName = "[No Variations]"
Change component parameters: Designator = "C100"; Footprint = "CAPC2013X100X20NL20"; UniqueID = "\GMRICTUX\DWQPFOMH"
Change component parameters. Clean all parameters for all variants
Change component parameters (AddParameter): Name = "PackageCase"; Value = "0805"; VariantName = "[No Variations]"
Change component parameters (AddParameter): Name = "Value"; Value = "10 uF"; VariantName = "[No Variations]"
Change component parameters (AddParameter): Name = "Voltage Rating"; Value = "16 V"; VariantName = "[No Variations]"
Change component parameters: Designator = "C200"; Footprint = "CAPC3216X180X50ML20T25"; UniqueID = "\XKRSHQMH\EKPPLBSO"
Change component parameters. Clean all parameters for all variants
Change component parameters (AddParameter): Name = "PackageCase"; Value = "0603"; VariantName = "[No Variations]"
Change component parameters (AddParameter): Name = "Value"; Value = "10 uF"; VariantName = "[No Variations]"
Change component parameters (AddParameter): Name = "Voltage Rating"; Value = "50 V"; VariantName = "[No Variations]"
Change component parameters: Designator = "C105"; Footprint = "CAPC2013X135X45LL10T25"; UniqueID = "\GMRICTUX\HALPDCWL"
Change component parameters. Clean all parameters for all variants
Change component parameters (AddParameter): Name = "PackageCase"; Value = "0805"; VariantName = "[No Variations]"
Change component parameters (AddParameter): Name = "PartNumber"; Value = "GRM21BR61C475KA88L"; VariantName = "[No Variations]"
Change component parameters (AddParameter): Name = "Value"; Value = "4.7 uF"; VariantName = "[No Variations]"
Change component parameters (AddParameter): Name = "Voltage Rating"; Value = "16 V"; VariantName = "[No Variations]"
Change component parameters: Designator = "C102"; Footprint = "CAPC2013X145X50ML20T25"; UniqueID = "\GMRICTUX\ROTCBAPB"
Change component parameters. Clean all parameters for all variants
Change component parameters (AddParameter): Name = "PackageCase"; Value = "0805"; VariantName = "[No Variations]"
Change component parameters (AddParameter): Name = "Value"; Value = "1uF"; VariantName = "[No Variations]"
Change component parameters (AddParameter): Name = "Voltage Rating"; Value = "25V"; VariantName = "[No Variations]"
Change component parameters: Designator = "R100"; Footprint = "RESC2013X60X35ML10T20"; UniqueID = "\GMRICTUX\CNXRHVLE"
Change component parameters. Clean all parameters for all variants
Change component parameters (AddParameter): Name = "PackageCase"; Value = "0805"; VariantName = "[No Variations]"
Change component parameters (AddParameter): Name = "Value"; Value = "1k"; VariantName = "[No Variations]"
Change component parameters (AddParameter): Name = "Voltage Rating"; Value = "150V"; VariantName = "[No Variations]"
Change component parameters: Designator = "R101"; Footprint = "RESC2013X60X35ML10T20"; UniqueID = "\GMRICTUX\BVRECPNQ"
Change component parameters. Clean all parameters for all variants
Change component parameters (AddParameter): Name = "PackageCase"; Value = "0805"; VariantName = "[No Variations]"
Change component parameters (AddParameter): Name = "Value"; Value = "1k"; VariantName = "[No Variations]"
Change component parameters (AddParameter): Name = "Voltage Rating"; Value = "150V"; VariantName = "[No Variations]"
Change component parameters: Designator = "R102"; Footprint = "RESC2013X60X35ML10T20"; UniqueID = "\GMRICTUX\IMTKIIBF"
Change component parameters. Clean all parameters for all variants
Change component parameters (AddParameter): Name = "PackageCase"; Value = "0805"; VariantName = "[No Variations]"
Change component parameters (AddParameter): Name = "Value"; Value = "1k"; VariantName = "[No Variations]"
Change component parameters (AddParameter): Name = "Voltage Rating"; Value = "150V"; VariantName = "[No Variations]"
Change component parameters: Designator = "R203"; Footprint = "RESC2013X60X35ML10T20"; UniqueID = "\XKRSHQMH\KRJGTFLW"
Change component parameters. Clean all parameters for all variants
Change component parameters (AddParameter): Name = "PackageCase"; Value = "0805"; VariantName = "[No Variations]"
Change component parameters (AddParameter): Name = "Value"; Value = "1kOhm"; VariantName = "[No Variations]"
Change component parameters (AddParameter): Name = "Voltage Rating"; Value = "150V"; VariantName = "[No Variations]"
Change component parameters: Designator = "R207"; Footprint = "RESC2013X60X35ML10T20"; UniqueID = "\XKRSHQMH\EXCIUBIG"
Change component parameters. Clean all parameters for all variants
Change component parameters (AddParameter): Name = "PackageCase"; Value = "0805"; VariantName = "[No Variations]"
Change component parameters (AddParameter): Name = "Value"; Value = "100k"; VariantName = "[No Variations]"
Change component parameters (AddParameter): Name = "Voltage Rating"; Value = "150V"; VariantName = "[No Variations]"
Change component parameters: Designator = "Q101"; Footprint = "INTR-IRLML2402TRPBF-3_V"; UniqueID = "\GMRICTUX\UOEXILVO"
Change component parameters. Clean all parameters for all variants
Change component parameters (AddParameter): Name = "Manufacturer"; Value = "Infineon Technologies"; VariantName = "[No Variations]"
Change component parameters (AddParameter): Name = "PackageCase"; Value = "SOT-23"; VariantName = "[No Variations]"
Change component parameters (AddParameter): Name = "PartNumber"; Value = "IRLML2402TRBF"; VariantName = "[No Variations]"
Change component parameters (AddParameter): Name = "Supplier"; Value = "Digi-key"; VariantName = "[No Variations]"
Change component parameters (AddParameter): Name = "Supplier PN"; Value = "IRLML2402PBFCT-ND"; VariantName = "[No Variations]"
Change component parameters: Designator = "Q102"; Footprint = "INTR-IRLML2402TRPBF-3_V"; UniqueID = "\GMRICTUX\QTOSSKND"
Change component parameters. Clean all parameters for all variants
Change component parameters (AddParameter): Name = "Manufacturer"; Value = "Infineon Technologies"; VariantName = "[No Variations]"
Change component parameters (AddParameter): Name = "PackageCase"; Value = "SOT-23"; VariantName = "[No Variations]"
Change component parameters (AddParameter): Name = "PartNumber"; Value = "IRLML2402TRBF"; VariantName = "[No Variations]"
Change component parameters (AddParameter): Name = "Supplier"; Value = "Digi-key"; VariantName = "[No Variations]"
Change component parameters (AddParameter): Name = "Supplier PN"; Value = "IRLML2402PBFCT-ND"; VariantName = "[No Variations]"
Change component parameters: Designator = "Q200"; Footprint = "INTR-IRLML2402TRPBF-3_V"; UniqueID = "\XKRSHQMH\FNDWOMSU"
Change component parameters. Clean all parameters for all variants
Change component parameters (AddParameter): Name = "Manufacturer"; Value = "Infineon Technologies"; VariantName = "[No Variations]"
Change component parameters (AddParameter): Name = "PackageCase"; Value = "SOT-23"; VariantName = "[No Variations]"
Change component parameters (AddParameter): Name = "PartNumber"; Value = "IRLML2402TRBF"; VariantName = "[No Variations]"
Change component parameters (AddParameter): Name = "Supplier"; Value = "Digi-key"; VariantName = "[No Variations]"
Change component parameters (AddParameter): Name = "Supplier PN"; Value = "IRLML2402PBFCT-ND"; VariantName = "[No Variations]"
Change component parameters: Designator = "Q201"; Footprint = "INTR-IRLML2402TRPBF-3_V"; UniqueID = "\XKRSHQMH\MPTTUSFA"
Change component parameters. Clean all parameters for all variants
Change component parameters (AddParameter): Name = "Manufacturer"; Value = "Infineon Technologies"; VariantName = "[No Variations]"
Change component parameters (AddParameter): Name = "PackageCase"; Value = "SOT-23"; VariantName = "[No Variations]"
Change component parameters (AddParameter): Name = "PartNumber"; Value = "IRLML2402TRBF"; VariantName = "[No Variations]"
Change component parameters (AddParameter): Name = "Supplier"; Value = "Digi-key"; VariantName = "[No Variations]"
Change component parameters (AddParameter): Name = "Supplier PN"; Value = "IRLML2402PBFCT-ND"; VariantName = "[No Variations]"
Change component parameters: Designator = "Q202"; Footprint = "INTR-IRLML2402TRPBF-3_V"; UniqueID = "\XKRSHQMH\NGXLQHXJ"
Change component parameters. Clean all parameters for all variants
Change component parameters (AddParameter): Name = "Manufacturer"; Value = "Infineon Technologies"; VariantName = "[No Variations]"
Change component parameters (AddParameter): Name = "PackageCase"; Value = "SOT-23"; VariantName = "[No Variations]"
Change component parameters (AddParameter): Name = "PartNumber"; Value = "IRLML2402TRBF"; VariantName = "[No Variations]"
Change component parameters (AddParameter): Name = "Supplier"; Value = "Digi-key"; VariantName = "[No Variations]"
Change component parameters (AddParameter): Name = "Supplier PN"; Value = "IRLML2402PBFCT-ND"; VariantName = "[No Variations]"
Change component parameters: Designator = "Q203"; Footprint = "INTR-IRLML2402TRPBF-3_V"; UniqueID = "\XKRSHQMH\EVLPCKDH"
Change component parameters. Clean all parameters for all variants
Change component parameters (AddParameter): Name = "Manufacturer"; Value = "Infineon Technologies"; VariantName = "[No Variations]"
Change component parameters (AddParameter): Name = "PackageCase"; Value = "SOT-23"; VariantName = "[No Variations]"
Change component parameters (AddParameter): Name = "PartNumber"; Value = "IRLML2402TRBF"; VariantName = "[No Variations]"
Change component parameters (AddParameter): Name = "Supplier"; Value = "Digi-key"; VariantName = "[No Variations]"
Change component parameters (AddParameter): Name = "Supplier PN"; Value = "IRLML2402PBFCT-ND"; VariantName = "[No Variations]"
Change component parameters: Designator = "Q100"; Footprint = "FAIR-SSOT3L-3_V"; UniqueID = "\GMRICTUX\CQRJMOJV"
Change component parameters. Clean all parameters for all variants
Change component parameters (AddParameter): Name = "Manufacturer"; Value = "ON Semiconductor"; VariantName = "[No Variations]"
Change component parameters (AddParameter): Name = "PackageCase"; Value = "SSOT-3"; VariantName = "[No Variations]"
Change component parameters (AddParameter): Name = "PartNumber"; Value = "FDN306P"; VariantName = "[No Variations]"
Change component parameters (AddParameter): Name = "Supplier"; Value = "Digi-key"; VariantName = "[No Variations]"
Change component parameters (AddParameter): Name = "Supplier PN"; Value = "FDN306PCT-ND"; VariantName = "[No Variations]"
Added Room: Name=Alimentation
Added Room: Name=Circuit
