Removed Parameter Case-Metric:2012 from Part C101
Removed Parameter Case-Metric:2012 from Part C104
Removed Parameter Case-Metric:2012 from Part R103
Removed Parameter Case-Metric:2012 from Part R104
Removed Parameter Case Code (Metric):2012 from Part C100
Removed Parameter Case Code (Metric):2012 from Part C102
Removed Parameter Case Code (Metric):2012 from Part C105
Removed Parameter Case Code (Metric):2012 from Part R100
Removed Parameter Case Code (Metric):2012 from Part R101
Removed Parameter Case Code (Metric):2012 from Part R102
Removed Parameter Category:PowerMOSFET from Part Q100
Removed Parameter Channel Mode:Enhancement from Part Q100
Removed Parameter Channel Type:P from Part Q100
Removed Parameter ComponentLink1 Description:Manufacturer from Part C103
Removed Parameter ComponentLink1Description:Manufacturer URL from Part C100
Removed Parameter ComponentLink1Description:Manufacturer URL from Part C105
Removed Parameter ComponentLink1Description:Manufacturer URL from Part SW100
Removed Parameter ComponentLink1URL:http://www.murata.com/ from Part C105
Removed Parameter ComponentLink1URL:http://www.tdk.com/ from Part C100
Removed Parameter ComponentLink1URL:http://www.we-online.com from Part SW100
Removed Parameter ComponentLink1URL:http://www.we-online.de from Part C103
Removed Parameter ComponentLink2Description:Datasheet from Part C100
Removed Parameter ComponentLink2 Description:Datasheet from Part C103
Removed Parameter ComponentLink2Description:Datasheet from Part C105
Removed Parameter ComponentLink2Description:Datasheet from Part SW100
Removed Parameter ComponentLink2URL:http://katalog.we-online.de/em/datasheet/4301x2.pdf from Part SW100
Removed Parameter ComponentLink2URL:http://katalog.we-online.de/em/datasheet/629105150521.pdf from Part C103
Removed Parameter ComponentLink2URL:http://search.murata.co.jp/Ceramy/image/img/A01X/G101/ENG/GRM21BR61C475KA88-01.pdf from Part C105
Removed Parameter ComponentLink2URL:https://product.tdk.com/info/en/catalog/datasheets/mlcc_commercial_general_en.pdf from Part C100
Removed Parameter Composition:Ceramic from Part C102
Removed Parameter Composition:ThickFilm from Part R100
Removed Parameter Composition:ThickFilm from Part R101
Removed Parameter Composition:ThickFilm from Part R102
Removed Parameter Continuous Drain Current Id:1.2A from Part Q101
Removed Parameter Continuous Drain Current Id:1.2A from Part Q102
Removed Parameter Created by:Karrer Zheng from Part C103
Removed Parameter Created Date:10/21/2014 from Part C103
Removed Parameter Current Id Max:1.2A from Part Q101
Removed Parameter Current Id Max:1.2A from Part Q102
Removed Parameter Current Temperature:25degC from Part Q101
Removed Parameter Current Temperature:25degC from Part Q102
Removed Parameter Datasheet URL:http://www.yageo.com/documents/recent/UPY-GPHC_X7R_6.3V-to-50V_15.pdf from Part C102
Removed Parameter Datasheet URL:http://www.yageo.com/NewPortal/yageodocoutput?fileName=/pdf/R-Chip/PYu-RC_Group_51_RoHS_L_5.pdf from Part R100
Removed Parameter Datasheet URL:http://www.yageo.com/NewPortal/yageodocoutput?fileName=/pdf/R-Chip/PYu-RC_Group_51_RoHS_L_5.pdf from Part R101
Removed Parameter Datasheet URL:http://www.yageo.com/NewPortal/yageodocoutput?fileName=/pdf/R-Chip/PYu-RC_Group_51_RoHS_L_5.pdf from Part R102
Removed Parameter Datasheet URL:https://datasheet.ciiva.com/29326/162826-da-01-en-irlml-2402tr-29326791.pdf from Part Q101
Removed Parameter Datasheet URL:https://datasheet.ciiva.com/29326/162826-da-01-en-irlml-2402tr-29326791.pdf from Part Q102
Removed Parameter Datasheet URL:https://www.fairchildsemi.com/datasheets/FD/FDN306P.pdf from Part Q100
Removed Parameter DatasheetVersion:03/2015 from Part C100
Removed Parameter DatasheetVersion:03/2016 from Part C105
Removed Parameter Datasheet Version:Jan-03 from Part Q101
Removed Parameter Datasheet Version:Jan-03 from Part Q102
Removed Parameter Datasheet Version:Rev. 5, 10/2016 from Part R100
Removed Parameter Datasheet Version:Rev. 5, 10/2016 from Part R101
Removed Parameter Datasheet Version:Rev. 5, 10/2016 from Part R102
Removed Parameter Datasheet Version:Rev. 15, 10/2016 from Part C102
Removed Parameter Datasheet Version:Rev. D, 12/2001 from Part Q100
Removed Parameter Depth:1.25mm from Part C102
Removed Parameter Depth:1.25mm from Part R100
Removed Parameter Depth:1.25mm from Part R101
Removed Parameter Depth:1.25mm from Part R102
Removed Parameter Dielectric:X7R from Part C102
Removed Parameter Dimensions:2.92x1.4x0.94mm from Part Q100
Removed Parameter Dissipation Factor:5% from Part C102
Removed Parameter Drain Source Voltage Vds:20V from Part Q101
Removed Parameter Drain Source Voltage Vds:20V from Part Q102
Removed Parameter External Depth:2.5mm from Part Q101
Removed Parameter External Depth:2.5mm from Part Q102
Removed Parameter External Length / Height:1.12mm from Part Q101
Removed Parameter External Length / Height:1.12mm from Part Q102
Removed Parameter External Width:3.05mm from Part Q101
Removed Parameter External Width:3.05mm from Part Q102
Removed Parameter Full Power Rating Temperature:25degC from Part Q101
Removed Parameter Full Power Rating Temperature:25degC from Part Q102
Removed Parameter Height:0.024inch from Part R100
Removed Parameter Height:0.024inch from Part R101
Removed Parameter Height:0.024inch from Part R102
Removed Parameter Height:0.85 mm from Part C100
Removed Parameter Height:0.94mm from Part Q100
Removed Parameter Height:1.25mm from Part C102
Removed Parameter Height:1.25 mm from Part C105
Removed Parameter Junction Temperature Tj Min:-55degC from Part Q101
Removed Parameter Junction Temperature Tj Min:-55degC from Part Q102
Removed Parameter Lead Free:LeadFree from Part C102
Removed Parameter Lead Free:LeadFree from Part R100
Removed Parameter Lead Free:LeadFree from Part R101
Removed Parameter Lead Free:LeadFree from Part R102
Removed Parameter Length:0.079inch from Part R100
Removed Parameter Length:0.079inch from Part R101
Removed Parameter Length:0.079inch from Part R102
Removed Parameter Length:2.92mm from Part Q100
Removed Parameter Length:2 mm from Part C100
Removed Parameter Length:2mm from Part C102
Removed Parameter Length:2 mm from Part C105
Removed Parameter Manufacturer URL:http://internationalrectifier.com/ from Part Q101
Removed Parameter Manufacturer URL:http://internationalrectifier.com/ from Part Q102
Removed Parameter Manufacturer URL:http://www.yageo.com/ from Part C102
Removed Parameter Manufacturer URL:http://www.yageo.com/ from Part R100
Removed Parameter Manufacturer URL:http://www.yageo.com/ from Part R101
Removed Parameter Manufacturer URL:http://www.yageo.com/ from Part R102
Removed Parameter Manufacturer URL:https://www.fairchildsemi.com/ from Part Q100
Removed Parameter Maximum Continuous Drain Current:2.6A from Part Q100
Removed Parameter Maximum Drain Source Resistance:0.04O from Part Q100
Removed Parameter Maximum Drain Source Voltage:12V from Part Q100
Removed Parameter Maximum Gate Source Voltage:±8V from Part Q100
Removed Parameter Maximum Operating Temperature:+150°C from Part Q100
Removed Parameter Maximum Power Dissipation:0.5W from Part Q100
Removed Parameter Max Operating Temperature:85 degC from Part C100
Removed Parameter Max Operating Temperature:85 degC from Part C105
Removed Parameter Max Operating Temperature:125degC from Part C102
Removed Parameter Max Operating Temperature:155degC from Part R100
Removed Parameter Max Operating Temperature:155degC from Part R101
Removed Parameter Max Operating Temperature:155degC from Part R102
Removed Parameter Max Power Dissipation:125mW from Part R100
Removed Parameter Max Power Dissipation:125mW from Part R101
Removed Parameter Max Power Dissipation:125mW from Part R102
Removed Parameter Max Thickness:1.45 mm from Part C101
Removed Parameter Max Thickness:1.45 mm from Part C104
Removed Parameter Military Standard:Not from Part R100
Removed Parameter Military Standard:Not from Part R101
Removed Parameter Military Standard:Not from Part R102
Removed Parameter Minimum Gate Threshold Voltage:0.4V from Part Q100
Removed Parameter Minimum Operating Temperature:-55°C from Part Q100
Removed Parameter Min Operating Temperature:-55 degC from Part C100
Removed Parameter Min Operating Temperature:-55degC from Part C102
Removed Parameter Min Operating Temperature:-55 degC from Part C105
Removed Parameter Min Operating Temperature:-55degC from Part R100
Removed Parameter Min Operating Temperature:-55degC from Part R101
Removed Parameter Min Operating Temperature:-55degC from Part R102
Removed Parameter Mount:Surface Mount from Part C100
Removed Parameter Mount:SurfaceMount from Part C102
Removed Parameter Mount:Surface Mount from Part C105
Removed Parameter Mounting Technology:Surface Mount from Part C100
Removed Parameter Mounting Technology:Surface Mount from Part C105
Removed Parameter Mounting Technology:SurfaceMount from Part Q100
Removed Parameter Mounting Type:SurfaceMount from Part Q100
Removed Parameter No. of Pins:3 from Part Q101
Removed Parameter No. of Pins:3 from Part Q102
Removed Parameter No. of Transistors:1 from Part Q101
Removed Parameter No. of Transistors:1 from Part Q102
Removed Parameter NoPins:04 from Part SW100
Removed Parameter NoPins:5 from Part C103
Removed Parameter Number of Elements per Chip:1 from Part Q100
Removed Parameter Number of Pins:2 from Part C102
Removed Parameter Number of Pins:2 from Part R100
Removed Parameter Number of Pins:2 from Part R101
Removed Parameter Number of Pins:2 from Part R102
Removed Parameter Number of Terminations:2 from Part R100
Removed Parameter Number of Terminations:2 from Part R101
Removed Parameter Number of Terminations:2 from Part R102
Removed Parameter On Resistance Rds(on):250mohm from Part Q101
Removed Parameter On Resistance Rds(on):250mohm from Part Q102
Removed Parameter Operating Temperature Range:-55degCto+150degC from Part Q101
Removed Parameter Operating Temperature Range:-55degCto+150degC from Part Q102
Removed Parameter Package / Case:SOT-23 from Part Q101
Removed Parameter Package / Case:SOT-23 from Part Q102
Removed Parameter PackageDescription:2-Pin Surface Mount Device, Body 2 x 1.25 mm from Part C100
Removed Parameter Package Description:2-Pin Surface Mount Device, Body 2 x 1.25 mm from Part C102
Removed Parameter PackageDescription:2-Pin Surface Mount Device, Body 2 x 1.25 mm from Part C105
Removed Parameter Package Description:2-Pin Surface Mounted Device, Body 2 x 1.25 mm from Part R100
Removed Parameter Package Description:2-Pin Surface Mounted Device, Body 2 x 1.25 mm from Part R101
Removed Parameter Package Description:2-Pin Surface Mounted Device, Body 2 x 1.25 mm from Part R102
Removed Parameter Package Description:3-Pin Small Outline Transistor, Body 2.92 x 1.4 mm, Pitch 0.95 mm from Part Q100
Removed Parameter Package Quantity:1 from Part C100
Removed Parameter Package Quantity:1 from Part R100
Removed Parameter Package Quantity:1 from Part R101
Removed Parameter Package Quantity:1 from Part R102
Removed Parameter Package Quantity:3000 from Part C102
Removed Parameter Package Quantity:3000 from Part C105
Removed Parameter Package Reference:0805 from Part C102
Removed Parameter Package Reference:0805 from Part R100
Removed Parameter Package Reference:0805 from Part R101
Removed Parameter Package Reference:0805 from Part R102
Removed Parameter Package Reference:SSOT3L from Part Q100
Removed Parameter Package Type:SOT-23 from Part Q100
Removed Parameter Package URL:https://www.fairchildsemi.com/package-drawings/MA/MA03B.pdf from Part Q100
Removed Parameter Package Version:Rev. 3, 05/2015 from Part Q100
Removed Parameter Packaging:Tape and Reel from Part C100
Removed Parameter Packaging:TapeandReel from Part C102
Removed Parameter Packaging:Tape and Reel from Part C105
Removed Parameter Packaging:TapeandReel from Part R100
Removed Parameter Packaging:TapeandReel from Part R101
Removed Parameter Packaging:TapeandReel from Part R102
Removed Parameter partNo:629105150521 from Part C103
Removed Parameter Pin Count:3 from Part Q100
Removed Parameter Pins:2 from Part C100
Removed Parameter Pins:2 from Part C105
Removed Parameter Power:0.125 W from Part R103
Removed Parameter Power:0.125 W from Part R104
Removed Parameter Power Dissipation Pd:540mW from Part Q101
Removed Parameter Power Dissipation Pd:540mW from Part Q102
Removed Parameter Power Rating:125mW from Part R100
Removed Parameter Power Rating:125mW from Part R101
Removed Parameter Power Rating:125mW from Part R102
Removed Parameter Pulse Current Idm:7.4A from Part Q101
Removed Parameter Pulse Current Idm:7.4A from Part Q102
Removed Parameter Radiation Hardening:No from Part C102
Removed Parameter Radiation Hardening:No from Part C105
Removed Parameter Rated Voltage:16 V from Part C101
Removed Parameter Rated Voltage:16 V from Part C104
Removed Parameter Rds(on) Test Voltage Vgs:4.5V from Part Q101
Removed Parameter Rds(on) Test Voltage Vgs:4.5V from Part Q102
Removed Parameter REACH SVHC:No SVHC from Part C100
Removed Parameter REACH SVHC:NoSVHC from Part C102
Removed Parameter REACH SVHC:No SVHC from Part C105
Removed Parameter REACH SVHC:Unknown from Part R100
Removed Parameter REACH SVHC:Unknown from Part R101
Removed Parameter REACH SVHC:Unknown from Part R102
Removed Parameter Reel Quantity:3000 from Part Q101
Removed Parameter Reel Quantity:3000 from Part Q102
Removed Parameter Resistance:1KOhm from Part R100
Removed Parameter Resistance:1KOhm from Part R101
Removed Parameter Resistance:1KOhm from Part R102
Removed Parameter SMD Marking:1A from Part Q101
Removed Parameter SMD Marking:1A from Part Q102
Removed Parameter SVHC:NoSVHC(19-Dec-2012) from Part Q101
Removed Parameter SVHC:NoSVHC(19-Dec-2012) from Part Q102
Removed Parameter Tape Width:8mm from Part Q101
Removed Parameter Tape Width:8mm from Part Q102
Removed Parameter Technology:SMT from Part C101
Removed Parameter Technology:SMT from Part C104
Removed Parameter Technology:SMT from Part R103
Removed Parameter Technology:SMT from Part R104
Removed Parameter Temperature Coefficient:100ppm/degreesC from Part R100
Removed Parameter Temperature Coefficient:100ppm/degreesC from Part R101
Removed Parameter Temperature Coefficient:100ppm/degreesC from Part R102
Removed Parameter Termination:SMD/SMT from Part C102
Removed Parameter Termination:SMD/SMT from Part R100
Removed Parameter Termination:SMD/SMT from Part R101
Removed Parameter Termination:SMD/SMT from Part R102
Removed Parameter Termination Type:SMD from Part Q101
Removed Parameter Termination Type:SMD from Part Q102
Removed Parameter Thickness:0.057inch from Part C102
Removed Parameter Threshold Voltage Vgs Typ:700mV from Part Q101
Removed Parameter Threshold Voltage Vgs Typ:700mV from Part Q102
Removed Parameter Transistor Case Style:SOT-23 from Part Q101
Removed Parameter Transistor Case Style:SOT-23 from Part Q102
Removed Parameter Transistor Configuration:Single from Part Q100
Removed Parameter Transistor Material:Si from Part Q100
Removed Parameter Transistor Polarity:NChannel from Part Q101
Removed Parameter Transistor Polarity:NChannel from Part Q102
Removed Parameter Type (Capacitors):X5R from Part C100
Removed Parameter Type (Capacitors):X5R from Part C105
Removed Parameter Typical Gate Charge @ Vgs:12nC@4.5V from Part Q100
Removed Parameter Typical Input Capacitance @ Vds:1138pF@6V from Part Q100
Removed Parameter Typical Turn-Off Delay Time:38ns from Part Q100
Removed Parameter Typical Turn-On Delay Time:11ns from Part Q100
Removed Parameter Voltage Vds Typ:20V from Part Q101
Removed Parameter Voltage Vds Typ:20V from Part Q102
Removed Parameter Voltage Vgs Max:700mV from Part Q101
Removed Parameter Voltage Vgs Max:700mV from Part Q102
Removed Parameter Voltage Vgs Rds on Measurement:4.5V from Part Q101
Removed Parameter Voltage Vgs Rds on Measurement:4.5V from Part Q102
Removed Parameter Voltage Vgs th Min:700mV from Part Q101
Removed Parameter Voltage Vgs th Min:700mV from Part Q102
Removed Parameter Width:0.049inch from Part C102
Removed Parameter Width:0.049inch from Part R100
Removed Parameter Width:0.049inch from Part R101
Removed Parameter Width:0.049inch from Part R102
Removed Parameter Width:1.4mm from Part Q100
Removed Parameter Width:1.25 mm from Part C100
Removed Parameter Width:1.25 mm from Part C105
