Change Component Footprint: Designator=C101 Old Footprint=CAPC0805(2012)145_M New Footprint=CAPC2013X100X20NL20
Change Component Footprint: Designator=C201 Old Footprint=CAPC0805(2012)145_M New Footprint=CAPC2013X100X20NL20
Change Component Footprint: Designator=C202 Old Footprint=CAPC0805(2012)145_M New Footprint=CAPC2013X100X20NL20
Change Component Footprint: Designator=C203 Old Footprint=CAPC0805(2012)145_M New Footprint=CAPC2013X100X20NL20
Change Component Comment : Designator=C204 Old Comment=22pF 16V New Comment=22pF
Change Component Comment : Designator=C205 Old Comment=22pF 16V New Comment=22pF
Change Component Comment : Designator=C101 Old Comment=100nF 16V New Comment=100nF
Change Component Comment : Designator=C201 Old Comment=100nF 16V New Comment=100nF
Change Component Comment : Designator=C202 Old Comment=100nF 16V New Comment=100nF
Change Component Comment : Designator=C203 Old Comment=100nF 16V New Comment=100nF
Change Component Comment : Designator=R200 Old Comment=750R 1% New Comment=750R
Change Component Comment : Designator=R201 Old Comment=750R 1% New Comment=750R
Change Component Comment : Designator=R202 Old Comment=750R 1% New Comment=750R
Change Component Comment : Designator=Q200 Old Comment=IRLML2402TRPBF New Comment=IRLML2402
Change Component Comment : Designator=Q201 Old Comment=IRLML2402TRPBF New Comment=IRLML2402
Change Component Comment : Designator=Q202 Old Comment=IRLML2402TRPBF New Comment=IRLML2402
Change Component Comment : Designator=Q203 Old Comment=IRLML2402TRPBF New Comment=IRLML2402
Change component parameters: Designator = "Q100"; Footprint = "FAIR-SSOT3L-3_V"; UniqueID = "\GMRICTUX\CQRJMOJV"
Change component parameters. Clean all parameters for all variants
Change component parameters (AddParameter): Name = "Manufacturer"; Value = "ON Semiconductor"; VariantName = "[No Variations]"
Change component parameters (AddParameter): Name = "PackageCase"; Value = "SSOT-3"; VariantName = "[No Variations]"
Change component parameters (AddParameter): Name = "PartNumber"; Value = "FDN306P"; VariantName = "[No Variations]"
Change component parameters (AddParameter): Name = "Supplier"; Value = "Digi-key"; VariantName = "[No Variations]"
Change component parameters (AddParameter): Name = "Supplier min. qty"; Value = ""; VariantName = "[No Variations]"
Change component parameters (AddParameter): Name = "Supplier PN"; Value = "FDN306PCT-ND"; VariantName = "[No Variations]"
Change component parameters (AddParameter): Name = "Supplier unit price"; Value = ""; VariantName = "[No Variations]"
Change component parameters: Designator = "U100"; Footprint = "SOT-23"; UniqueID = "\GMRICTUX\KCTPILPM"
Change component parameters. Clean all parameters for all variants
Change component parameters (AddParameter): Name = "Manufacturer"; Value = "Linear Technology"; VariantName = "[No Variations]"
Change component parameters (AddParameter): Name = "PackageCase"; Value = "SOT-23"; VariantName = "[No Variations]"
Change component parameters (AddParameter): Name = "PartNumber"; Value = "LT1790BCS6-2.048#TRMPBF"; VariantName = "[No Variations]"
Change component parameters (AddParameter): Name = "Supplier"; Value = "Digi-key"; VariantName = "[No Variations]"
Change component parameters (AddParameter): Name = "Supplier min. qty"; Value = ""; VariantName = "[No Variations]"
Change component parameters (AddParameter): Name = "Supplier PN"; Value = "LT1790BCS6-2.048#TRMPBFCT-ND"; VariantName = "[No Variations]"
Change component parameters (AddParameter): Name = "Supplier unit price"; Value = ""; VariantName = "[No Variations]"
Change component parameters: Designator = "X100"; Footprint = "Micro_USB"; UniqueID = "\GMRICTUX\OFMLQXNF"
Change component parameters. Clean all parameters for all variants
Change component parameters (AddParameter): Name = "Manufacturer"; Value = "Würth Elektronik eiSos GmbH"; VariantName = "[No Variations]"
Change component parameters (AddParameter): Name = "PartNumber"; Value = "629105150521"; VariantName = "[No Variations]"
Change component parameters (AddParameter): Name = "Supplier"; Value = "Digi-key"; VariantName = "[No Variations]"
Change component parameters (AddParameter): Name = "Supplier min. qty"; Value = "1"; VariantName = "[No Variations]"
Change component parameters (AddParameter): Name = "Supplier PN"; Value = "732-5960-1-ND"; VariantName = "[No Variations]"
Change component parameters (AddParameter): Name = "Supplier unit price"; Value = "2.03"; VariantName = "[No Variations]"
Change component parameters (AddParameter): Name = "Voltage Rating"; Value = "5V"; VariantName = "[No Variations]"
Change component parameters: Designator = "D200"; Footprint = "LED_0805"; UniqueID = "\XKRSHQMH\FPEOLMXS"
Change component parameters. Clean all parameters for all variants
Change component parameters (AddParameter): Name = "Color"; Value = "Green"; VariantName = "[No Variations]"
Change component parameters (AddParameter): Name = "ComponentLink1Description"; Value = "Manufacturer URL"; VariantName = "[No Variations]"
Change component parameters (AddParameter): Name = "ComponentLink1URL"; Value = ""; VariantName = "[No Variations]"
Change component parameters (AddParameter): Name = "ComponentLink2Description"; Value = "Datasheet"; VariantName = "[No Variations]"
Change component parameters (AddParameter): Name = "ComponentLink2URL"; Value = ""; VariantName = "[No Variations]"
Change component parameters (AddParameter): Name = "Manufacturer"; Value = "OSRAM"; VariantName = "[No Variations]"
Change component parameters (AddParameter): Name = "PackageReference"; Value = "0805_A"; VariantName = "[No Variations]"
Change component parameters (AddParameter): Name = "PartNumber"; Value = "LGR971-KN-1"; VariantName = "[No Variations]"
Change component parameters (AddParameter): Name = "Supplier"; Value = "Stock ES"; VariantName = "[No Variations]"
Change component parameters (AddParameter): Name = "Supplier min. qty"; Value = ""; VariantName = "[No Variations]"
Change component parameters (AddParameter): Name = "Supplier PN"; Value = ""; VariantName = "[No Variations]"
Change component parameters (AddParameter): Name = "Supplier unit price"; Value = ""; VariantName = "[No Variations]"
Change component parameters: Designator = "D201"; Footprint = "LED_0805"; UniqueID = "\XKRSHQMH\EEFBJMIP"
Change component parameters. Clean all parameters for all variants
Change component parameters (AddParameter): Name = "Color"; Value = "Green"; VariantName = "[No Variations]"
Change component parameters (AddParameter): Name = "ComponentLink1Description"; Value = "Manufacturer URL"; VariantName = "[No Variations]"
Change component parameters (AddParameter): Name = "ComponentLink1URL"; Value = ""; VariantName = "[No Variations]"
Change component parameters (AddParameter): Name = "ComponentLink2Description"; Value = "Datasheet"; VariantName = "[No Variations]"
Change component parameters (AddParameter): Name = "ComponentLink2URL"; Value = ""; VariantName = "[No Variations]"
Change component parameters (AddParameter): Name = "Manufacturer"; Value = "OSRAM"; VariantName = "[No Variations]"
Change component parameters (AddParameter): Name = "PackageReference"; Value = "0805_A"; VariantName = "[No Variations]"
Change component parameters (AddParameter): Name = "PartNumber"; Value = "LGR971-KN-1"; VariantName = "[No Variations]"
Change component parameters (AddParameter): Name = "Supplier"; Value = "Stock ES"; VariantName = "[No Variations]"
Change component parameters (AddParameter): Name = "Supplier min. qty"; Value = ""; VariantName = "[No Variations]"
Change component parameters (AddParameter): Name = "Supplier PN"; Value = ""; VariantName = "[No Variations]"
Change component parameters (AddParameter): Name = "Supplier unit price"; Value = ""; VariantName = "[No Variations]"
Change component parameters: Designator = "D202"; Footprint = "LED_0805"; UniqueID = "\XKRSHQMH\FQRAUPQK"
Change component parameters. Clean all parameters for all variants
Change component parameters (AddParameter): Name = "Color"; Value = "Green"; VariantName = "[No Variations]"
Change component parameters (AddParameter): Name = "ComponentLink1Description"; Value = "Manufacturer URL"; VariantName = "[No Variations]"
Change component parameters (AddParameter): Name = "ComponentLink1URL"; Value = ""; VariantName = "[No Variations]"
Change component parameters (AddParameter): Name = "ComponentLink2Description"; Value = "Datasheet"; VariantName = "[No Variations]"
Change component parameters (AddParameter): Name = "ComponentLink2URL"; Value = ""; VariantName = "[No Variations]"
Change component parameters (AddParameter): Name = "Manufacturer"; Value = "OSRAM"; VariantName = "[No Variations]"
Change component parameters (AddParameter): Name = "PackageReference"; Value = "0805_A"; VariantName = "[No Variations]"
Change component parameters (AddParameter): Name = "PartNumber"; Value = "LGR971-KN-1"; VariantName = "[No Variations]"
Change component parameters (AddParameter): Name = "Supplier"; Value = "Stock ES"; VariantName = "[No Variations]"
Change component parameters (AddParameter): Name = "Supplier min. qty"; Value = ""; VariantName = "[No Variations]"
Change component parameters (AddParameter): Name = "Supplier PN"; Value = ""; VariantName = "[No Variations]"
Change component parameters (AddParameter): Name = "Supplier unit price"; Value = ""; VariantName = "[No Variations]"
Change component parameters: Designator = "Y200"; Footprint = "Oscillator"; UniqueID = "\XKRSHQMH\OHHUADNA"
Change component parameters. Clean all parameters for all variants
Change component parameters (AddParameter): Name = "Case/Package"; Value = "SMD/SMT"; VariantName = "[No Variations]"
Change component parameters (AddParameter): Name = "Datasheet URL"; Value = ""; VariantName = "[No Variations]"
Change component parameters (AddParameter): Name = "Datasheet Version"; Value = ""; VariantName = "[No Variations]"
Change component parameters (AddParameter): Name = "Depth"; Value = ""; VariantName = "[No Variations]"
Change component parameters (AddParameter): Name = "ESR (Equivalent Series Resistance)"; Value = "60Ohm"; VariantName = "[No Variations]"
Change component parameters (AddParameter): Name = "Frequency"; Value = "8MHz"; VariantName = "[No Variations]"
Change component parameters (AddParameter): Name = "Frequency Stability"; Value = "50ppm"; VariantName = "[No Variations]"
Change component parameters (AddParameter): Name = "Frequency Tolerance"; Value = "30ppm"; VariantName = "[No Variations]"
Change component parameters (AddParameter): Name = "Height"; Value = ""; VariantName = "[No Variations]"
Change component parameters (AddParameter): Name = "Lead Free"; Value = "LeadFree"; VariantName = "[No Variations]"
Change component parameters (AddParameter): Name = "Length"; Value = ""; VariantName = "[No Variations]"
Change component parameters (AddParameter): Name = "Load Capacitance"; Value = "18pF"; VariantName = "[No Variations]"
Change component parameters (AddParameter): Name = "Manufacturer"; Value = "CTS-Frequency Controls"; VariantName = "[No Variations]"
Change component parameters (AddParameter): Name = "Manufacturer URL"; Value = ""; VariantName = "[No Variations]"
Change component parameters (AddParameter): Name = "Max Operating Temperature"; Value = "70degC"; VariantName = "[No Variations]"
Change component parameters (AddParameter): Name = "Min Operating Temperature"; Value = "-20degC"; VariantName = "[No Variations]"
Change component parameters (AddParameter): Name = "Mount"; Value = "SurfaceMount"; VariantName = "[No Variations]"
Change component parameters (AddParameter): Name = "Number of Pins"; Value = "2"; VariantName = "[No Variations]"
Change component parameters (AddParameter): Name = "Package Description"; Value = "2-Pin Surface Mount Device, Body 5 x 11.7 mm"; VariantName = "[No Variations]"
Change component parameters (AddParameter): Name = "Package Quantity"; Value = "1000"; VariantName = "[No Variations]"
Change component parameters (AddParameter): Name = "Package Reference"; Value = "HC49/US-SM"; VariantName = "[No Variations]"
Change component parameters (AddParameter): Name = "Packaging"; Value = "TapeandReel"; VariantName = "[No Variations]"
Change component parameters (AddParameter): Name = "Radiation Hardening"; Value = "No"; VariantName = "[No Variations]"
Change component parameters (AddParameter): Name = "REACH SVHC"; Value = "NoSVHC"; VariantName = "[No Variations]"
Change component parameters (AddParameter): Name = "RoHSCompliant"; Value = "True"; VariantName = "[No Variations]"
Change component parameters (AddParameter): Name = "Series Resistance"; Value = "60Ohm"; VariantName = "[No Variations]"
Change component parameters (AddParameter): Name = "Supplier"; Value = "Digikey,Stock ES"; VariantName = "[No Variations]"
Change component parameters (AddParameter): Name = "Supplier min. qty"; Value = "1"; VariantName = "[No Variations]"
Change component parameters (AddParameter): Name = "Supplier PN"; Value = "CTX884CT-ND"; VariantName = "[No Variations]"
Change component parameters (AddParameter): Name = "Supplier unit price"; Value = "0.39"; VariantName = "[No Variations]"
Change component parameters (AddParameter): Name = "Termination"; Value = "SMD/SMT"; VariantName = "[No Variations]"
Change component parameters (AddParameter): Name = "Tolerance"; Value = "30ppm"; VariantName = "[No Variations]"
Change component parameters (AddParameter): Name = "Width"; Value = ""; VariantName = "[No Variations]"
Change component parameters: Designator = "Q101"; Footprint = "INTR-IRLML2402TRPBF-3_V"; UniqueID = "\GMRICTUX\UOEXILVO"
Change component parameters. Clean all parameters for all variants
Change component parameters (AddParameter): Name = "Manufacturer"; Value = "Infineon Technologies"; VariantName = "[No Variations]"
Change component parameters (AddParameter): Name = "PackageCase"; Value = "SOT-23"; VariantName = "[No Variations]"
Change component parameters (AddParameter): Name = "PartNumber"; Value = "IRLML2402TRBF"; VariantName = "[No Variations]"
Change component parameters (AddParameter): Name = "Supplier"; Value = "Digi-key,Stock ES"; VariantName = "[No Variations]"
Change component parameters (AddParameter): Name = "Supplier min. qty"; Value = "1"; VariantName = "[No Variations]"
Change component parameters (AddParameter): Name = "Supplier PN"; Value = "IRLML2402PBFCT-ND"; VariantName = "[No Variations]"
Change component parameters (AddParameter): Name = "Supplier unit price"; Value = "0.34"; VariantName = "[No Variations]"
Change component parameters: Designator = "Q102"; Footprint = "INTR-IRLML2402TRPBF-3_V"; UniqueID = "\GMRICTUX\QTOSSKND"
Change component parameters. Clean all parameters for all variants
Change component parameters (AddParameter): Name = "Manufacturer"; Value = "Infineon Technologies"; VariantName = "[No Variations]"
Change component parameters (AddParameter): Name = "PackageCase"; Value = "SOT-23"; VariantName = "[No Variations]"
Change component parameters (AddParameter): Name = "PartNumber"; Value = "IRLML2402TRBF"; VariantName = "[No Variations]"
Change component parameters (AddParameter): Name = "Supplier"; Value = "Digi-key,Stock ES"; VariantName = "[No Variations]"
Change component parameters (AddParameter): Name = "Supplier min. qty"; Value = "1"; VariantName = "[No Variations]"
Change component parameters (AddParameter): Name = "Supplier PN"; Value = "IRLML2402PBFCT-ND"; VariantName = "[No Variations]"
Change component parameters (AddParameter): Name = "Supplier unit price"; Value = "0.34"; VariantName = "[No Variations]"
Change component parameters: Designator = "Q200"; Footprint = "INTR-IRLML2402TRPBF-3_V"; UniqueID = "\XKRSHQMH\VTPWESTT"
Change component parameters. Clean all parameters for all variants
Change component parameters (AddParameter): Name = "Manufacturer"; Value = "Infineon Technologies"; VariantName = "[No Variations]"
Change component parameters (AddParameter): Name = "PackageCase"; Value = "SOT-23"; VariantName = "[No Variations]"
Change component parameters (AddParameter): Name = "PartNumber"; Value = "IRLML2402TRBF"; VariantName = "[No Variations]"
Change component parameters (AddParameter): Name = "Supplier"; Value = "Digi-key,Stock ES"; VariantName = "[No Variations]"
Change component parameters (AddParameter): Name = "Supplier min. qty"; Value = "1"; VariantName = "[No Variations]"
Change component parameters (AddParameter): Name = "Supplier PN"; Value = "IRLML2402PBFCT-ND"; VariantName = "[No Variations]"
Change component parameters (AddParameter): Name = "Supplier unit price"; Value = "0.34"; VariantName = "[No Variations]"
Change component parameters: Designator = "Q201"; Footprint = "INTR-IRLML2402TRPBF-3_V"; UniqueID = "\XKRSHQMH\SFNYDXOW"
Change component parameters. Clean all parameters for all variants
Change component parameters (AddParameter): Name = "Manufacturer"; Value = "Infineon Technologies"; VariantName = "[No Variations]"
Change component parameters (AddParameter): Name = "PackageCase"; Value = "SOT-23"; VariantName = "[No Variations]"
Change component parameters (AddParameter): Name = "PartNumber"; Value = "IRLML2402TRBF"; VariantName = "[No Variations]"
Change component parameters (AddParameter): Name = "Supplier"; Value = "Digi-key,Stock ES"; VariantName = "[No Variations]"
Change component parameters (AddParameter): Name = "Supplier min. qty"; Value = "1"; VariantName = "[No Variations]"
Change component parameters (AddParameter): Name = "Supplier PN"; Value = "IRLML2402PBFCT-ND"; VariantName = "[No Variations]"
Change component parameters (AddParameter): Name = "Supplier unit price"; Value = "0.34"; VariantName = "[No Variations]"
Change component parameters: Designator = "Q202"; Footprint = "INTR-IRLML2402TRPBF-3_V"; UniqueID = "\XKRSHQMH\IAMXVUCM"
Change component parameters. Clean all parameters for all variants
Change component parameters (AddParameter): Name = "Manufacturer"; Value = "Infineon Technologies"; VariantName = "[No Variations]"
Change component parameters (AddParameter): Name = "PackageCase"; Value = "SOT-23"; VariantName = "[No Variations]"
Change component parameters (AddParameter): Name = "PartNumber"; Value = "IRLML2402TRBF"; VariantName = "[No Variations]"
Change component parameters (AddParameter): Name = "Supplier"; Value = "Digi-key,Stock ES"; VariantName = "[No Variations]"
Change component parameters (AddParameter): Name = "Supplier min. qty"; Value = "1"; VariantName = "[No Variations]"
Change component parameters (AddParameter): Name = "Supplier PN"; Value = "IRLML2402PBFCT-ND"; VariantName = "[No Variations]"
Change component parameters (AddParameter): Name = "Supplier unit price"; Value = "0.34"; VariantName = "[No Variations]"
Change component parameters: Designator = "Q203"; Footprint = "INTR-IRLML2402TRPBF-3_V"; UniqueID = "\XKRSHQMH\OTGRAVKM"
Change component parameters. Clean all parameters for all variants
Change component parameters (AddParameter): Name = "Manufacturer"; Value = "Infineon Technologies"; VariantName = "[No Variations]"
Change component parameters (AddParameter): Name = "PackageCase"; Value = "SOT-23"; VariantName = "[No Variations]"
Change component parameters (AddParameter): Name = "PartNumber"; Value = "IRLML2402TRBF"; VariantName = "[No Variations]"
Change component parameters (AddParameter): Name = "Supplier"; Value = "Digi-key,Stock ES"; VariantName = "[No Variations]"
Change component parameters (AddParameter): Name = "Supplier min. qty"; Value = "1"; VariantName = "[No Variations]"
Change component parameters (AddParameter): Name = "Supplier PN"; Value = "IRLML2402PBFCT-ND"; VariantName = "[No Variations]"
Change component parameters (AddParameter): Name = "Supplier unit price"; Value = "0.34"; VariantName = "[No Variations]"
Change component parameters: Designator = "U201"; Footprint = "Buzzer"; UniqueID = "\XKRSHQMH\UGKJHBOY"
Change component parameters. Clean all parameters for all variants
Change component parameters (AddParameter): Name = "Manufacturer"; Value = "TDK Corporation"; VariantName = "[No Variations]"
Change component parameters (AddParameter): Name = "PartNumber"; Value = "PS1240P02BT"; VariantName = "[No Variations]"
Change component parameters (AddParameter): Name = "Supplier"; Value = "Digi-key"; VariantName = "[No Variations]"
Change component parameters (AddParameter): Name = "Supplier min. qty"; Value = "1"; VariantName = "[No Variations]"
Change component parameters (AddParameter): Name = "Supplier PN"; Value = "445-2525-1-ND"; VariantName = "[No Variations]"
Change component parameters (AddParameter): Name = "Supplier unit price"; Value = "0.67"; VariantName = "[No Variations]"
Change component parameters: Designator = "C100"; Footprint = "CAPC2013X100X20NL20"; UniqueID = "\GMRICTUX\DWQPFOMH"
Change component parameters. Clean all parameters for all variants
Change component parameters (AddParameter): Name = "PackageCase"; Value = "0805"; VariantName = "[No Variations]"
Change component parameters (AddParameter): Name = "Supplier"; Value = "Stock ES"; VariantName = "[No Variations]"
Change component parameters (AddParameter): Name = "Supplier min. qty"; Value = ""; VariantName = "[No Variations]"
Change component parameters (AddParameter): Name = "Supplier PN"; Value = ""; VariantName = "[No Variations]"
Change component parameters (AddParameter): Name = "Supplier unit price"; Value = ""; VariantName = "[No Variations]"
Change component parameters (AddParameter): Name = "Value"; Value = "100 nF"; VariantName = "[No Variations]"
Change component parameters (AddParameter): Name = "Voltage Rating"; Value = "16 V"; VariantName = "[No Variations]"
Change component parameters: Designator = "C102"; Footprint = "CAPC2013X145X50ML20T25"; UniqueID = "\GMRICTUX\ROTCBAPB"
Change component parameters. Clean all parameters for all variants
Change component parameters (AddParameter): Name = "PackageCase"; Value = "0805"; VariantName = "[No Variations]"
Change component parameters (AddParameter): Name = "Supplier"; Value = "Stock ES"; VariantName = "[No Variations]"
Change component parameters (AddParameter): Name = "Supplier min. qty"; Value = ""; VariantName = "[No Variations]"
Change component parameters (AddParameter): Name = "Supplier PN"; Value = ""; VariantName = "[No Variations]"
Change component parameters (AddParameter): Name = "Supplier unit price"; Value = ""; VariantName = "[No Variations]"
Change component parameters (AddParameter): Name = "Value"; Value = "1uF"; VariantName = "[No Variations]"
Change component parameters (AddParameter): Name = "Voltage Rating"; Value = "25V"; VariantName = "[No Variations]"
Change component parameters: Designator = "C103"; Footprint = "CAPC2013X135X45LL10T25"; UniqueID = "\GMRICTUX\TKSVWWQO"
Change component parameters. Clean all parameters for all variants
Change component parameters (AddParameter): Name = "PackageCase"; Value = "0805"; VariantName = "[No Variations]"
Change component parameters (AddParameter): Name = "PartNumber"; Value = "GRM21BR61C475KA88L"; VariantName = "[No Variations]"
Change component parameters (AddParameter): Name = "Supplier"; Value = "Stock ES"; VariantName = "[No Variations]"
Change component parameters (AddParameter): Name = "Supplier min. qty"; Value = ""; VariantName = "[No Variations]"
Change component parameters (AddParameter): Name = "Supplier PN"; Value = ""; VariantName = "[No Variations]"
Change component parameters (AddParameter): Name = "Supplier unit price"; Value = ""; VariantName = "[No Variations]"
Change component parameters (AddParameter): Name = "Value"; Value = "4.7 uF"; VariantName = "[No Variations]"
Change component parameters (AddParameter): Name = "Voltage Rating"; Value = "16 V"; VariantName = "[No Variations]"
Change component parameters: Designator = "C104"; Footprint = "CAPC2013X135X45LL10T25"; UniqueID = "\GMRICTUX\HALPDCWL"
Change component parameters. Clean all parameters for all variants
Change component parameters (AddParameter): Name = "PackageCase"; Value = "0805"; VariantName = "[No Variations]"
Change component parameters (AddParameter): Name = "PartNumber"; Value = "GRM21BR61C475KA88L"; VariantName = "[No Variations]"
Change component parameters (AddParameter): Name = "Supplier"; Value = "Stock ES"; VariantName = "[No Variations]"
Change component parameters (AddParameter): Name = "Supplier min. qty"; Value = ""; VariantName = "[No Variations]"
Change component parameters (AddParameter): Name = "Supplier PN"; Value = ""; VariantName = "[No Variations]"
Change component parameters (AddParameter): Name = "Supplier unit price"; Value = ""; VariantName = "[No Variations]"
Change component parameters (AddParameter): Name = "Value"; Value = "4.7 uF"; VariantName = "[No Variations]"
Change component parameters (AddParameter): Name = "Voltage Rating"; Value = "16 V"; VariantName = "[No Variations]"
Change component parameters: Designator = "C200"; Footprint = "CAPC3216X180X50ML20T25"; UniqueID = "\XKRSHQMH\EKPPLBSO"
Change component parameters. Clean all parameters for all variants
Change component parameters (AddParameter): Name = "PackageCase"; Value = "0603"; VariantName = "[No Variations]"
Change component parameters (AddParameter): Name = "Supplier"; Value = "Stock ES"; VariantName = "[No Variations]"
Change component parameters (AddParameter): Name = "Supplier min. qty"; Value = ""; VariantName = "[No Variations]"
Change component parameters (AddParameter): Name = "Supplier PN"; Value = ""; VariantName = "[No Variations]"
Change component parameters (AddParameter): Name = "Supplier unit price"; Value = ""; VariantName = "[No Variations]"
Change component parameters (AddParameter): Name = "Value"; Value = "10 uF"; VariantName = "[No Variations]"
Change component parameters (AddParameter): Name = "Voltage Rating"; Value = "50 V"; VariantName = "[No Variations]"
Change component parameters: Designator = "C204"; Footprint = "CAPC0805(2012)145_M"; UniqueID = "\XKRSHQMH\EWMRQKKW"
Change component parameters. Clean all parameters for all variants
Change component parameters (AddParameter): Name = "PackageCase"; Value = "0805"; VariantName = "[No Variations]"
Change component parameters (AddParameter): Name = "Supplier"; Value = "Stock ES"; VariantName = "[No Variations]"
Change component parameters (AddParameter): Name = "Supplier min. qty"; Value = ""; VariantName = "[No Variations]"
Change component parameters (AddParameter): Name = "Supplier PN"; Value = ""; VariantName = "[No Variations]"
Change component parameters (AddParameter): Name = "Supplier unit price"; Value = ""; VariantName = "[No Variations]"
Change component parameters (AddParameter): Name = "Value"; Value = "22pF"; VariantName = "[No Variations]"
Change component parameters: Designator = "C205"; Footprint = "CAPC0805(2012)145_M"; UniqueID = "\XKRSHQMH\DECLWIWD"
Change component parameters. Clean all parameters for all variants
Change component parameters (AddParameter): Name = "PackageCase"; Value = "0805"; VariantName = "[No Variations]"
Change component parameters (AddParameter): Name = "Supplier"; Value = "Stock ES"; VariantName = "[No Variations]"
Change component parameters (AddParameter): Name = "Supplier min. qty"; Value = ""; VariantName = "[No Variations]"
Change component parameters (AddParameter): Name = "Supplier PN"; Value = ""; VariantName = "[No Variations]"
Change component parameters (AddParameter): Name = "Supplier unit price"; Value = ""; VariantName = "[No Variations]"
Change component parameters (AddParameter): Name = "Value"; Value = "22pF"; VariantName = "[No Variations]"
Change component parameters: Designator = "R100"; Footprint = "RESC2013X60X35ML10T20"; UniqueID = "\GMRICTUX\QTXTPUCF"
Change component parameters. Clean all parameters for all variants
Change component parameters (AddParameter): Name = "PackageCase"; Value = "0805"; VariantName = "[No Variations]"
Change component parameters (AddParameter): Name = "Supplier"; Value = "Stock ES"; VariantName = "[No Variations]"
Change component parameters (AddParameter): Name = "Supplier min. qty"; Value = ""; VariantName = "[No Variations]"
Change component parameters (AddParameter): Name = "Supplier PN"; Value = ""; VariantName = "[No Variations]"
Change component parameters (AddParameter): Name = "Supplier unit price"; Value = ""; VariantName = "[No Variations]"
Change component parameters (AddParameter): Name = "Value"; Value = "100k"; VariantName = "[No Variations]"
Change component parameters (AddParameter): Name = "Voltage Rating"; Value = "150V"; VariantName = "[No Variations]"
Change component parameters: Designator = "R101"; Footprint = "RESC2013X60X35ML10T20"; UniqueID = "\GMRICTUX\BVRECPNQ"
Change component parameters. Clean all parameters for all variants
Change component parameters (AddParameter): Name = "PackageCase"; Value = "0805"; VariantName = "[No Variations]"
Change component parameters (AddParameter): Name = "Supplier"; Value = "Stock ES"; VariantName = "[No Variations]"
Change component parameters (AddParameter): Name = "Supplier min. qty"; Value = ""; VariantName = "[No Variations]"
Change component parameters (AddParameter): Name = "Supplier PN"; Value = ""; VariantName = "[No Variations]"
Change component parameters (AddParameter): Name = "Supplier unit price"; Value = ""; VariantName = "[No Variations]"
Change component parameters (AddParameter): Name = "Value"; Value = "100k"; VariantName = "[No Variations]"
Change component parameters (AddParameter): Name = "Voltage Rating"; Value = "150V"; VariantName = "[No Variations]"
Change component parameters: Designator = "R102"; Footprint = "RESC2013X60X35ML10T20"; UniqueID = "\GMRICTUX\SXSIXBUY"
Change component parameters. Clean all parameters for all variants
Change component parameters (AddParameter): Name = "PackageCase"; Value = "0805"; VariantName = "[No Variations]"
Change component parameters (AddParameter): Name = "Supplier"; Value = "Stock ES"; VariantName = "[No Variations]"
Change component parameters (AddParameter): Name = "Supplier min. qty"; Value = ""; VariantName = "[No Variations]"
Change component parameters (AddParameter): Name = "Supplier PN"; Value = ""; VariantName = "[No Variations]"
Change component parameters (AddParameter): Name = "Supplier unit price"; Value = ""; VariantName = "[No Variations]"
Change component parameters (AddParameter): Name = "Value"; Value = "100k"; VariantName = "[No Variations]"
Change component parameters (AddParameter): Name = "Voltage Rating"; Value = "150V"; VariantName = "[No Variations]"
Change component parameters: Designator = "R103"; Footprint = "RESC0805(2012)_N"; UniqueID = "\GMRICTUX\MBTCUGEU"
Change component parameters. Clean all parameters for all variants
Change component parameters (AddParameter): Name = "PackageCase"; Value = "0805"; VariantName = "[No Variations]"
Change component parameters (AddParameter): Name = "Supplier"; Value = "Stock ES"; VariantName = "[No Variations]"
Change component parameters (AddParameter): Name = "Supplier min. qty"; Value = ""; VariantName = "[No Variations]"
Change component parameters (AddParameter): Name = "Supplier PN"; Value = ""; VariantName = "[No Variations]"
Change component parameters (AddParameter): Name = "Supplier unit price"; Value = ""; VariantName = "[No Variations]"
Change component parameters (AddParameter): Name = "Value"; Value = "1100.00 Ohm"; VariantName = "[No Variations]"
Change component parameters: Designator = "R104"; Footprint = "RESC0805(2012)_L"; UniqueID = "\GMRICTUX\KJPPUDIS"
Change component parameters. Clean all parameters for all variants
Change component parameters (AddParameter): Name = "PackageCase"; Value = "0805"; VariantName = "[No Variations]"
Change component parameters (AddParameter): Name = "Supplier"; Value = "Stock ES"; VariantName = "[No Variations]"
Change component parameters (AddParameter): Name = "Supplier min. qty"; Value = ""; VariantName = "[No Variations]"
Change component parameters (AddParameter): Name = "Supplier PN"; Value = ""; VariantName = "[No Variations]"
Change component parameters (AddParameter): Name = "Supplier unit price"; Value = ""; VariantName = "[No Variations]"
Change component parameters (AddParameter): Name = "Value"; Value = "2200.00 Ohm"; VariantName = "[No Variations]"
Change component parameters: Designator = "R200"; Footprint = "RESC0805(2012)_N"; UniqueID = "\XKRSHQMH\TPBPCUYH"
Change component parameters. Clean all parameters for all variants
Change component parameters (AddParameter): Name = "PackageCase"; Value = "0805"; VariantName = "[No Variations]"
Change component parameters (AddParameter): Name = "Supplier"; Value = "Stock ES"; VariantName = "[No Variations]"
Change component parameters (AddParameter): Name = "Supplier min. qty"; Value = ""; VariantName = "[No Variations]"
Change component parameters (AddParameter): Name = "Supplier PN"; Value = ""; VariantName = "[No Variations]"
Change component parameters (AddParameter): Name = "Supplier unit price"; Value = ""; VariantName = "[No Variations]"
Change component parameters (AddParameter): Name = "Value"; Value = "750.00 Ohm"; VariantName = "[No Variations]"
Change component parameters: Designator = "R201"; Footprint = "RESC0805(2012)_N"; UniqueID = "\XKRSHQMH\KILGPBBU"
Change component parameters. Clean all parameters for all variants
Change component parameters (AddParameter): Name = "PackageCase"; Value = "0805"; VariantName = "[No Variations]"
Change component parameters (AddParameter): Name = "Supplier"; Value = "Stock ES"; VariantName = "[No Variations]"
Change component parameters (AddParameter): Name = "Supplier min. qty"; Value = ""; VariantName = "[No Variations]"
Change component parameters (AddParameter): Name = "Supplier PN"; Value = ""; VariantName = "[No Variations]"
Change component parameters (AddParameter): Name = "Supplier unit price"; Value = ""; VariantName = "[No Variations]"
Change component parameters (AddParameter): Name = "Value"; Value = "750.00 Ohm"; VariantName = "[No Variations]"
Change component parameters: Designator = "R202"; Footprint = "RESC0805(2012)_N"; UniqueID = "\XKRSHQMH\XDSATXPW"
Change component parameters. Clean all parameters for all variants
Change component parameters (AddParameter): Name = "PackageCase"; Value = "0805"; VariantName = "[No Variations]"
Change component parameters (AddParameter): Name = "Supplier"; Value = "Stock ES"; VariantName = "[No Variations]"
Change component parameters (AddParameter): Name = "Supplier min. qty"; Value = ""; VariantName = "[No Variations]"
Change component parameters (AddParameter): Name = "Supplier PN"; Value = ""; VariantName = "[No Variations]"
Change component parameters (AddParameter): Name = "Supplier unit price"; Value = ""; VariantName = "[No Variations]"
Change component parameters (AddParameter): Name = "Value"; Value = "750.00 Ohm"; VariantName = "[No Variations]"
Change component parameters: Designator = "R203"; Footprint = "RESC2013X60X35ML10T20"; UniqueID = "\XKRSHQMH\KRJGTFLW"
Change component parameters. Clean all parameters for all variants
Change component parameters (AddParameter): Name = "PackageCase"; Value = "0805"; VariantName = "[No Variations]"
Change component parameters (AddParameter): Name = "Supplier"; Value = "Stock ES"; VariantName = "[No Variations]"
Change component parameters (AddParameter): Name = "Supplier min. qty"; Value = ""; VariantName = "[No Variations]"
Change component parameters (AddParameter): Name = "Supplier PN"; Value = ""; VariantName = "[No Variations]"
Change component parameters (AddParameter): Name = "Supplier unit price"; Value = ""; VariantName = "[No Variations]"
Change component parameters (AddParameter): Name = "Value"; Value = "1kOhm"; VariantName = "[No Variations]"
Change component parameters (AddParameter): Name = "Voltage Rating"; Value = "150V"; VariantName = "[No Variations]"
Change component parameters: Designator = "R204"; Footprint = "RESC2013X60X35NL10T20"; UniqueID = "\XKRSHQMH\SYDTAGDP"
Change component parameters. Clean all parameters for all variants
Change component parameters (AddParameter): Name = "PackageCase"; Value = "0805"; VariantName = "[No Variations]"
Change component parameters (AddParameter): Name = "Supplier"; Value = "Stock ES"; VariantName = "[No Variations]"
Change component parameters (AddParameter): Name = "Supplier min. qty"; Value = ""; VariantName = "[No Variations]"
Change component parameters (AddParameter): Name = "Supplier PN"; Value = ""; VariantName = "[No Variations]"
Change component parameters (AddParameter): Name = "Supplier unit price"; Value = ""; VariantName = "[No Variations]"
Change component parameters (AddParameter): Name = "Value"; Value = "10k"; VariantName = "[No Variations]"
Change component parameters (AddParameter): Name = "Voltage Rating"; Value = "150 V"; VariantName = "[No Variations]"
Change component parameters: Designator = "R205"; Footprint = "RESC2013X60X35NL10T20"; UniqueID = "\XKRSHQMH\BLHJNNEW"
Change component parameters. Clean all parameters for all variants
Change component parameters (AddParameter): Name = "PackageCase"; Value = "0805"; VariantName = "[No Variations]"
Change component parameters (AddParameter): Name = "Supplier"; Value = "Stock ES"; VariantName = "[No Variations]"
Change component parameters (AddParameter): Name = "Supplier min. qty"; Value = ""; VariantName = "[No Variations]"
Change component parameters (AddParameter): Name = "Supplier PN"; Value = ""; VariantName = "[No Variations]"
Change component parameters (AddParameter): Name = "Supplier unit price"; Value = ""; VariantName = "[No Variations]"
Change component parameters (AddParameter): Name = "Value"; Value = "10k"; VariantName = "[No Variations]"
Change component parameters (AddParameter): Name = "Voltage Rating"; Value = "150 V"; VariantName = "[No Variations]"
Change component parameters: Designator = "R206"; Footprint = "RESC2013X60X35NL10T20"; UniqueID = "\XKRSHQMH\UTJGAPER"
Change component parameters. Clean all parameters for all variants
Change component parameters (AddParameter): Name = "PackageCase"; Value = "0805"; VariantName = "[No Variations]"
Change component parameters (AddParameter): Name = "Supplier"; Value = "Stock ES"; VariantName = "[No Variations]"
Change component parameters (AddParameter): Name = "Supplier min. qty"; Value = ""; VariantName = "[No Variations]"
Change component parameters (AddParameter): Name = "Supplier PN"; Value = ""; VariantName = "[No Variations]"
Change component parameters (AddParameter): Name = "Supplier unit price"; Value = ""; VariantName = "[No Variations]"
Change component parameters (AddParameter): Name = "Value"; Value = "10k"; VariantName = "[No Variations]"
Change component parameters (AddParameter): Name = "Voltage Rating"; Value = "150 V"; VariantName = "[No Variations]"
Change component parameters: Designator = "R207"; Footprint = "RESC2013X60X35ML10T20"; UniqueID = "\XKRSHQMH\XBEYRECU"
Change component parameters. Clean all parameters for all variants
Change component parameters (AddParameter): Name = "PackageCase"; Value = "0805"; VariantName = "[No Variations]"
Change component parameters (AddParameter): Name = "Supplier"; Value = "Stock ES"; VariantName = "[No Variations]"
Change component parameters (AddParameter): Name = "Supplier min. qty"; Value = ""; VariantName = "[No Variations]"
Change component parameters (AddParameter): Name = "Supplier PN"; Value = ""; VariantName = "[No Variations]"
Change component parameters (AddParameter): Name = "Supplier unit price"; Value = ""; VariantName = "[No Variations]"
Change component parameters (AddParameter): Name = "Value"; Value = "1kOhm"; VariantName = "[No Variations]"
Change component parameters (AddParameter): Name = "Voltage Rating"; Value = "150V"; VariantName = "[No Variations]"
Change component parameters: Designator = "R208"; Footprint = "RESC2013X60X35ML10T20"; UniqueID = "\XKRSHQMH\EXCIUBIG"
Change component parameters. Clean all parameters for all variants
Change component parameters (AddParameter): Name = "PackageCase"; Value = "0805"; VariantName = "[No Variations]"
Change component parameters (AddParameter): Name = "Supplier"; Value = "Stock ES"; VariantName = "[No Variations]"
Change component parameters (AddParameter): Name = "Supplier min. qty"; Value = ""; VariantName = "[No Variations]"
Change component parameters (AddParameter): Name = "Supplier PN"; Value = ""; VariantName = "[No Variations]"
Change component parameters (AddParameter): Name = "Supplier unit price"; Value = ""; VariantName = "[No Variations]"
Change component parameters (AddParameter): Name = "Value"; Value = "100k"; VariantName = "[No Variations]"
Change component parameters (AddParameter): Name = "Voltage Rating"; Value = "150V"; VariantName = "[No Variations]"
Change component parameters: Designator = "R209"; Footprint = "RESC2013X60X35NL10T20"; UniqueID = "\XKRSHQMH\CBUTJLDD"
Change component parameters. Clean all parameters for all variants
Change component parameters (AddParameter): Name = "PackageCase"; Value = "0805"; VariantName = "[No Variations]"
Change component parameters (AddParameter): Name = "Supplier"; Value = "Stock ES"; VariantName = "[No Variations]"
Change component parameters (AddParameter): Name = "Supplier min. qty"; Value = ""; VariantName = "[No Variations]"
Change component parameters (AddParameter): Name = "Supplier PN"; Value = ""; VariantName = "[No Variations]"
Change component parameters (AddParameter): Name = "Supplier unit price"; Value = ""; VariantName = "[No Variations]"
Change component parameters (AddParameter): Name = "Value"; Value = "10k"; VariantName = "[No Variations]"
Change component parameters (AddParameter): Name = "Voltage Rating"; Value = "150 V"; VariantName = "[No Variations]"
Change component parameters: Designator = "R210"; Footprint = "RESC2013X60X35NL10T20"; UniqueID = "\XKRSHQMH\HRMIURNE"
Change component parameters. Clean all parameters for all variants
Change component parameters (AddParameter): Name = "PackageCase"; Value = "0805"; VariantName = "[No Variations]"
Change component parameters (AddParameter): Name = "Supplier"; Value = "Stock ES"; VariantName = "[No Variations]"
Change component parameters (AddParameter): Name = "Supplier min. qty"; Value = ""; VariantName = "[No Variations]"
Change component parameters (AddParameter): Name = "Supplier PN"; Value = ""; VariantName = "[No Variations]"
Change component parameters (AddParameter): Name = "Supplier unit price"; Value = ""; VariantName = "[No Variations]"
Change component parameters (AddParameter): Name = "Value"; Value = "1k"; VariantName = "[No Variations]"
Change component parameters (AddParameter): Name = "Voltage Rating"; Value = "150 V"; VariantName = "[No Variations]"
Change component parameters: Designator = "SW100"; Footprint = "Switch_Schurter"; UniqueID = "\GMRICTUX\GAJQSHSD"
Change component parameters. Clean all parameters for all variants
Change component parameters (AddParameter): Name = "Manufacturer"; Value = "Schurter"; VariantName = "[No Variations]"
Change component parameters (AddParameter): Name = "Supplier"; Value = ""; VariantName = "[No Variations]"
Change component parameters (AddParameter): Name = "Supplier min. qty"; Value = ""; VariantName = "[No Variations]"
Change component parameters (AddParameter): Name = "Supplier PN"; Value = ""; VariantName = "[No Variations]"
Change component parameters (AddParameter): Name = "Supplier unit price"; Value = ""; VariantName = "[No Variations]"
Change component parameters: Designator = "SW200"; Footprint = "Switch_Schurter"; UniqueID = "\XKRSHQMH\FGMKITWM"
Change component parameters. Clean all parameters for all variants
Change component parameters (AddParameter): Name = "Manufacturer"; Value = "Schurter"; VariantName = "[No Variations]"
Change component parameters (AddParameter): Name = "Supplier"; Value = ""; VariantName = "[No Variations]"
Change component parameters (AddParameter): Name = "Supplier min. qty"; Value = ""; VariantName = "[No Variations]"
Change component parameters (AddParameter): Name = "Supplier PN"; Value = ""; VariantName = "[No Variations]"
Change component parameters (AddParameter): Name = "Supplier unit price"; Value = ""; VariantName = "[No Variations]"
Change component parameters: Designator = "SW201"; Footprint = "Switch_Schurter"; UniqueID = "\XKRSHQMH\FAKDVUBF"
Change component parameters. Clean all parameters for all variants
Change component parameters (AddParameter): Name = "Manufacturer"; Value = "Schurter"; VariantName = "[No Variations]"
Change component parameters (AddParameter): Name = "Supplier"; Value = ""; VariantName = "[No Variations]"
Change component parameters (AddParameter): Name = "Supplier min. qty"; Value = ""; VariantName = "[No Variations]"
Change component parameters (AddParameter): Name = "Supplier PN"; Value = ""; VariantName = "[No Variations]"
Change component parameters (AddParameter): Name = "Supplier unit price"; Value = ""; VariantName = "[No Variations]"
Change component parameters: Designator = "SW202"; Footprint = "Switch_Schurter"; UniqueID = "\XKRSHQMH\ASPAUPLR"
Change component parameters. Clean all parameters for all variants
Change component parameters (AddParameter): Name = "Manufacturer"; Value = "Schurter"; VariantName = "[No Variations]"
Change component parameters (AddParameter): Name = "Supplier"; Value = ""; VariantName = "[No Variations]"
Change component parameters (AddParameter): Name = "Supplier min. qty"; Value = ""; VariantName = "[No Variations]"
Change component parameters (AddParameter): Name = "Supplier PN"; Value = ""; VariantName = "[No Variations]"
Change component parameters (AddParameter): Name = "Supplier unit price"; Value = ""; VariantName = "[No Variations]"
Change component parameters: Designator = "SW203"; Footprint = "4301x20508x6_6x6x5"; UniqueID = "\XKRSHQMH\LXDRRQLL"
Change component parameters. Clean all parameters for all variants
Change component parameters (AddParameter): Name = "ComponentLink1Description"; Value = "Manufacturer"; VariantName = "[No Variations]"
Change component parameters (AddParameter): Name = "ComponentLink1URL"; Value = "http://www.we-online.de"; VariantName = "[No Variations]"
Change component parameters (AddParameter): Name = "ComponentLink2Description"; Value = "Datasheet"; VariantName = "[No Variations]"
Change component parameters (AddParameter): Name = "ComponentLink2URL"; Value = "http://katalog.we-online.de/em/datasheet/4301x2xxx8x6.pdf"; VariantName = "[No Variations]"
Change component parameters (AddParameter): Name = "Life Cycle"; Value = "200000 cycles"; VariantName = "[No Variations]"
Change component parameters (AddParameter): Name = "Operation Force"; Value = "360g"; VariantName = "[No Variations]"
Change component parameters (AddParameter): Name = "Part Number"; Value = "430152050836"; VariantName = "[No Variations]"
Change component parameters (AddParameter): Name = "Published Date"; Value = "June 2017"; VariantName = "[No Variations]"
Change component parameters (AddParameter): Name = "Publisher"; Value = "Wurth Elektronik"; VariantName = "[No Variations]"
Change component parameters (AddParameter): Name = "Size"; Value = "6x6x5 mm"; VariantName = "[No Variations]"
Change component parameters (AddParameter): Name = "Supplier"; Value = "Stock ES"; VariantName = "[No Variations]"
Change component parameters (AddParameter): Name = "Supplier min. qty"; Value = ""; VariantName = "[No Variations]"
Change component parameters (AddParameter): Name = "Supplier PN"; Value = ""; VariantName = "[No Variations]"
Change component parameters (AddParameter): Name = "Supplier unit price"; Value = ""; VariantName = "[No Variations]"
Change component parameters: Designator = "U101"; Footprint = "TSOP65P640X110_HS-17N"; UniqueID = "\GMRICTUX\SBMPGBFU"
Change component parameters. Clean all parameters for all variants
Change component parameters (AddParameter): Name = "Manufacturer"; Value = "Maxim Integrated"; VariantName = "[No Variations]"
Change component parameters (AddParameter): Name = "Supplier"; Value = "Stock ES"; VariantName = "[No Variations]"
Change component parameters (AddParameter): Name = "Supplier min. qty"; Value = ""; VariantName = "[No Variations]"
Change component parameters (AddParameter): Name = "Supplier PN"; Value = ""; VariantName = "[No Variations]"
Change component parameters (AddParameter): Name = "Supplier unit price"; Value = ""; VariantName = "[No Variations]"
Change component parameters: Designator = "U200"; Footprint = "MCHP-SOIC-SO28_L"; UniqueID = "\XKRSHQMH\IGJWBLID"
Change component parameters. Clean all parameters for all variants
Change component parameters (AddParameter): Name = "ComponentLink1Description"; Value = "Manufacturer URL"; VariantName = "[No Variations]"
Change component parameters (AddParameter): Name = "ComponentLink1URL"; Value = "http://www.microchip.com"; VariantName = "[No Variations]"
Change component parameters (AddParameter): Name = "ComponentLink2Description"; Value = "Datasheet"; VariantName = "[No Variations]"
Change component parameters (AddParameter): Name = "ComponentLink2URL"; Value = "http://ww1.microchip.com/downloads/en/DeviceDoc/61168E.pdf"; VariantName = "[No Variations]"
Change component parameters (AddParameter): Name = "ComponentLink3Description"; Value = "Package Specification"; VariantName = "[No Variations]"
Change component parameters (AddParameter): Name = "ComponentLink3URL"; Value = "http://www.microchip.com/stellent/groups/techpub_sg/documents/packagingspec/en012702.pdf"; VariantName = "[No Variations]"
Change component parameters (AddParameter): Name = "ComponentLink4Description"; Value = "Product URL"; VariantName = "[No Variations]"
Change component parameters (AddParameter): Name = "ComponentLink4URL"; Value = "http://www.microchip.com/PIC32MX130F064B"; VariantName = "[No Variations]"
Change component parameters (AddParameter): Name = "DatasheetVersion"; Value = "Rev. E"; VariantName = "[No Variations]"
Change component parameters (AddParameter): Name = "Manufacturer"; Value = "Microchip"; VariantName = "[No Variations]"
Change component parameters (AddParameter): Name = "Mounting Technology"; Value = "Surface Mount"; VariantName = "[No Variations]"
Change component parameters (AddParameter): Name = "PackageDescription"; Value = "28-Lead Plastic Small Outline, 17.9 x 7.5 mm Body, 1.27 mm Pitch"; VariantName = "[No Variations]"
Change component parameters (AddParameter): Name = "PackageReference"; Value = "SOIC-SO28"; VariantName = "[No Variations]"
Change component parameters (AddParameter): Name = "PackageVersion"; Value = "C04-052C"; VariantName = "[No Variations]"
Change component parameters (AddParameter): Name = "PartNumber"; Value = "PIC32MX130F064B-I/SO"; VariantName = "[No Variations]"
Change component parameters (AddParameter): Name = "Supplier"; Value = "Digi-key"; VariantName = "[No Variations]"
Change component parameters (AddParameter): Name = "Supplier min. qty"; Value = ""; VariantName = "[No Variations]"
Change component parameters (AddParameter): Name = "Supplier PN"; Value = "PIC32MX130F064B-I/SO-ND "; VariantName = "[No Variations]"
Change component parameters (AddParameter): Name = "Supplier unit price"; Value = ""; VariantName = "[No Variations]"
Change component parameters: Designator = "X200"; Footprint = "ZB-SB"; UniqueID = "\XKRSHQMH\JMGRLSTC"
Change component parameters. Clean all parameters for all variants
Change component parameters (AddParameter): Name = "PackageCase"; Value = "XBee"; VariantName = "[No Variations]"
Change component parameters (AddParameter): Name = "Supplier"; Value = "Digi-key"; VariantName = "[No Variations]"
Change component parameters (AddParameter): Name = "Supplier min. qty"; Value = "1"; VariantName = "[No Variations]"
Change component parameters (AddParameter): Name = "Supplier PN"; Value = "2x 3M156413-10-ND  "; VariantName = "[No Variations]"
Change component parameters (AddParameter): Name = "Supplier unit price"; Value = "2x 0.74"; VariantName = "[No Variations]"
Change component parameters (AddParameter): Name = "Value"; Value = "2x10"; VariantName = "[No Variations]"
Change component parameters: Designator = "X201"; Footprint = "61300711121"; UniqueID = "\XKRSHQMH\CIITWHQA"
Change component parameters. Clean all parameters for all variants
Change component parameters (AddParameter): Name = "ComponentLink1Description"; Value = "Manufacturer"; VariantName = "[No Variations]"
Change component parameters (AddParameter): Name = "ComponentLink1URL"; Value = "http://www.we-online.de"; VariantName = "[No Variations]"
Change component parameters (AddParameter): Name = "ComponentLink2Description"; Value = "Datasheet"; VariantName = "[No Variations]"
Change component parameters (AddParameter): Name = "ComponentLink2URL"; Value = "http://katalog.we-online.de/em/datasheet/6130xx11121.pdf"; VariantName = "[No Variations]"
Change component parameters (AddParameter): Name = "Contact Resistance"; Value = "20 mOhm"; VariantName = "[No Variations]"
Change component parameters (AddParameter): Name = "Insulation Resistance"; Value = ">1000 MOhm"; VariantName = "[No Variations]"
Change component parameters (AddParameter): Name = "Mounting Technology"; Value = "THT"; VariantName = "[No Variations]"
Change component parameters (AddParameter): Name = "Operating Temperature"; Value = "-40 to 105 degC"; VariantName = "[No Variations]"
Change component parameters (AddParameter): Name = "Orientation"; Value = "Vertical"; VariantName = "[No Variations]"
Change component parameters (AddParameter): Name = "Part Number"; Value = "61300711121"; VariantName = "[No Variations]"
Change component parameters (AddParameter): Name = "Pin Number"; Value = "7"; VariantName = "[No Variations]"
Change component parameters (AddParameter): Name = "Pitch"; Value = "2.54 mm"; VariantName = "[No Variations]"
Change component parameters (AddParameter): Name = "Published Date"; Value = "Jan. 2018"; VariantName = "[No Variations]"
Change component parameters (AddParameter): Name = "Publisher"; Value = "Wurth Elektronik"; VariantName = "[No Variations]"
Change component parameters (AddParameter): Name = "Rated Current"; Value = "3 A"; VariantName = "[No Variations]"
Change component parameters (AddParameter): Name = "Row Number"; Value = "Single"; VariantName = "[No Variations]"
Change component parameters (AddParameter): Name = "Supplier"; Value = "Stock ES"; VariantName = "[No Variations]"
Change component parameters (AddParameter): Name = "Supplier min. qty"; Value = ""; VariantName = "[No Variations]"
Change component parameters (AddParameter): Name = "Supplier PN"; Value = ""; VariantName = "[No Variations]"
Change component parameters (AddParameter): Name = "Supplier unit price"; Value = ""; VariantName = "[No Variations]"
Change component parameters (AddParameter): Name = "Working Voltage"; Value = "250 VAC"; VariantName = "[No Variations]"
Change component parameters: Designator = "BT100"; Footprint = "BatterySupport"; UniqueID = "\GMRICTUX\IYRAECHN"
Change component parameters. Clean all parameters for all variants
Change component parameters (AddParameter): Name = "Manufacturer"; Value = ""; VariantName = "[No Variations]"
Change component parameters (AddParameter): Name = "PartNumber"; Value = ""; VariantName = "[No Variations]"
Change component parameters (AddParameter): Name = "Supplier"; Value = "? A retrouver? Stock magasin ETML ?"; VariantName = "[No Variations]"
Change component parameters (AddParameter): Name = "Supplier min. qty"; Value = ""; VariantName = "[No Variations]"
Change component parameters (AddParameter): Name = "Supplier PN"; Value = ""; VariantName = "[No Variations]"
Change component parameters (AddParameter): Name = "Supplier unit price"; Value = ""; VariantName = "[No Variations]"
Change component parameters (AddParameter): Name = "Value"; Value = "2x 1V5"; VariantName = "[No Variations]"
Change component parameters: Designator = "X202"; Footprint = "SMTC-TSW-103-07-X-S"; UniqueID = "\XKRSHQMH\JYQTCPYJ"
Change component parameters. Clean all parameters for all variants
Change component parameters (AddParameter): Name = "Manufacturer"; Value = ""; VariantName = "[No Variations]"
Change component parameters (AddParameter): Name = "PackageCase"; Value = "TSW-103-07-X-S"; VariantName = "[No Variations]"
Change component parameters (AddParameter): Name = "PartNumber"; Value = ""; VariantName = "[No Variations]"
Change component parameters (AddParameter): Name = "Supplier"; Value = "Stock ES"; VariantName = "[No Variations]"
Change component parameters (AddParameter): Name = "Supplier min. qty"; Value = ""; VariantName = "[No Variations]"
Change component parameters (AddParameter): Name = "Supplier PN"; Value = ""; VariantName = "[No Variations]"
Change component parameters (AddParameter): Name = "Supplier unit price"; Value = ""; VariantName = "[No Variations]"
Change component parameters (AddParameter): Name = "Value"; Value = "1x3"; VariantName = "[No Variations]"
Change component parameters: Designator = "C101"; Footprint = "CAPC2013X100X20NL20"; UniqueID = "\GMRICTUX\EULFWJPF"
Change component parameters. Clean all parameters for all variants
Change component parameters (AddParameter): Name = "PackageCase"; Value = "0805"; VariantName = "[No Variations]"
Change component parameters (AddParameter): Name = "Supplier"; Value = "Stock ES"; VariantName = "[No Variations]"
Change component parameters (AddParameter): Name = "Supplier min. qty"; Value = ""; VariantName = "[No Variations]"
Change component parameters (AddParameter): Name = "Supplier PN"; Value = ""; VariantName = "[No Variations]"
Change component parameters (AddParameter): Name = "Supplier unit price"; Value = ""; VariantName = "[No Variations]"
Change component parameters (AddParameter): Name = "Value"; Value = "100 nF"; VariantName = "[No Variations]"
Change component parameters (AddParameter): Name = "Voltage Rating"; Value = "16 V"; VariantName = "[No Variations]"
Change component parameters: Designator = "C201"; Footprint = "CAPC2013X100X20NL20"; UniqueID = "\XKRSHQMH\LKDJKPFX"
Change component parameters. Clean all parameters for all variants
Change component parameters (AddParameter): Name = "PackageCase"; Value = "0805"; VariantName = "[No Variations]"
Change component parameters (AddParameter): Name = "Supplier"; Value = "Stock ES"; VariantName = "[No Variations]"
Change component parameters (AddParameter): Name = "Supplier min. qty"; Value = ""; VariantName = "[No Variations]"
Change component parameters (AddParameter): Name = "Supplier PN"; Value = ""; VariantName = "[No Variations]"
Change component parameters (AddParameter): Name = "Supplier unit price"; Value = ""; VariantName = "[No Variations]"
Change component parameters (AddParameter): Name = "Value"; Value = "100 nF"; VariantName = "[No Variations]"
Change component parameters (AddParameter): Name = "Voltage Rating"; Value = "16 V"; VariantName = "[No Variations]"
Change component parameters: Designator = "C202"; Footprint = "CAPC2013X100X20NL20"; UniqueID = "\XKRSHQMH\AXCQSYLU"
Change component parameters. Clean all parameters for all variants
Change component parameters (AddParameter): Name = "PackageCase"; Value = "0805"; VariantName = "[No Variations]"
Change component parameters (AddParameter): Name = "Supplier"; Value = "Stock ES"; VariantName = "[No Variations]"
Change component parameters (AddParameter): Name = "Supplier min. qty"; Value = ""; VariantName = "[No Variations]"
Change component parameters (AddParameter): Name = "Supplier PN"; Value = ""; VariantName = "[No Variations]"
Change component parameters (AddParameter): Name = "Supplier unit price"; Value = ""; VariantName = "[No Variations]"
Change component parameters (AddParameter): Name = "Value"; Value = "100 nF"; VariantName = "[No Variations]"
Change component parameters (AddParameter): Name = "Voltage Rating"; Value = "16 V"; VariantName = "[No Variations]"
Change component parameters: Designator = "C203"; Footprint = "CAPC2013X100X20NL20"; UniqueID = "\XKRSHQMH\LMPWBGWC"
Change component parameters. Clean all parameters for all variants
Change component parameters (AddParameter): Name = "PackageCase"; Value = "0805"; VariantName = "[No Variations]"
Change component parameters (AddParameter): Name = "Supplier"; Value = "Stock ES"; VariantName = "[No Variations]"
Change component parameters (AddParameter): Name = "Supplier min. qty"; Value = ""; VariantName = "[No Variations]"
Change component parameters (AddParameter): Name = "Supplier PN"; Value = ""; VariantName = "[No Variations]"
Change component parameters (AddParameter): Name = "Supplier unit price"; Value = ""; VariantName = "[No Variations]"
Change component parameters (AddParameter): Name = "Value"; Value = "100 nF"; VariantName = "[No Variations]"
Change component parameters (AddParameter): Name = "Voltage Rating"; Value = "16 V"; VariantName = "[No Variations]"
