Removed Pin From Net: NetName=Reset Pin=U200-1
Removed Pin From Net: NetName=Reset Pin=X201-1
Removed Pin From Net: NetName=VCC Pin=X202-3
Added Component: Designator=J?(61301011121)
Add component. Clean all parameters for all variants
Add component (AddParameter): Name = "ComponentLink1Description"; Value = "Manufacturer"; VariantName = "[No Variations]"
Add component (AddParameter): Name = "ComponentLink1URL"; Value = "http://www.we-online.de"; VariantName = "[No Variations]"
Add component (AddParameter): Name = "ComponentLink2Description"; Value = "Datasheet"; VariantName = "[No Variations]"
Add component (AddParameter): Name = "ComponentLink2URL"; Value = "http://katalog.we-online.de/em/datasheet/6130xx11121.pdf"; VariantName = "[No Variations]"
Add component (AddParameter): Name = "Part Number"; Value = "61301011121"; VariantName = "[No Variations]"
Add component (AddParameter): Name = "Pin Number"; Value = "10"; VariantName = "[No Variations]"
Add component (AddParameter): Name = "Pitch"; Value = "2.54 mm"; VariantName = "[No Variations]"
Add component (AddParameter): Name = "Published Date"; Value = "Aug 2017"; VariantName = "[No Variations]"
Add component (AddParameter): Name = "Publisher"; Value = "Wurth Elektronik"; VariantName = "[No Variations]"
Add component (AddParameter): Name = "Rated Current"; Value = "3 A"; VariantName = "[No Variations]"
Add component (AddParameter): Name = "Withstanding Voltage"; Value = "500 VAC"; VariantName = "[No Variations]"
Add component (AddParameter): Name = "Working Voltage"; Value = "250 VAC"; VariantName = "[No Variations]"
Added Component: Designator=R?(RESC2013X60X35ML10T20)
Add component. Clean all parameters for all variants
Add component (AddParameter): Name = "PackageCase"; Value = "0805"; VariantName = "[No Variations]"
Add component (AddParameter): Name = "Supplier"; Value = "Stock ES"; VariantName = "[No Variations]"
Add component (AddParameter): Name = "Supplier min. qty"; Value = ""; VariantName = "[No Variations]"
Add component (AddParameter): Name = "Supplier PN"; Value = ""; VariantName = "[No Variations]"
Add component (AddParameter): Name = "Supplier unit price"; Value = ""; VariantName = "[No Variations]"
Add component (AddParameter): Name = "Value"; Value = "1kOhm"; VariantName = "[No Variations]"
Add component (AddParameter): Name = "Voltage Rating"; Value = "150V"; VariantName = "[No Variations]"
Added Pin To Net: NetName=GND Pin=J?-1
Added Pin To Net: NetName=GND Pin=J?-2
Added Pin To Net: NetName=LINK(M) Pin=J?-7
Added Pin To Net: NetName=Connect(M) Pin=J?-8
Added Pin To Net: NetName=VCC Pin=J?-10
Added Pin To Net: NetName=UART_TX Pin=X202-2
Added Pin To Net: NetName=UART_RX Pin=X202-3
Change Net Name : Old Net Name=PGEC New Net Name=PGEC2
Change Net Name : Old Net Name=PGED New Net Name=PGED2
Added Pin To Net: NetName=/MCLR(M) Pin=R?-2
Added Pin To Net: NetName=/MCLR(M) Pin=U200-23
Added Net: Name=/MCLR(M)
Added Pin To Net: NetName=/MCLR Pin=U200-1
Added Pin To Net: NetName=/MCLR Pin=X201-1
Added Net: Name=/MCLR
Added Pin To Net: NetName=CD(M) Pin=J?-3
Added Pin To Net: NetName=CD(M) Pin=U200-9
Added Pin To Net: NetName=CD(M) Pin=X200-4
Added Net: Name=CD(M)
Added Pin To Net: NetName=GPIO1(M) Pin=J?-5
Added Pin To Net: NetName=GPIO1(M) Pin=X200-11
Added Net: Name=GPIO1(M)
Added Pin To Net: NetName=GPIO2(M) Pin=J?-6
Added Pin To Net: NetName=GPIO2(M) Pin=X200-12
Added Net: Name=GPIO2(M)
Added Pin To Net: NetName=NetR?_1 Pin=R?-1
Added Pin To Net: NetName=NetR?_1 Pin=X200-5
Added Net: Name=NetR?_1
Added Pin To Net: NetName=PGEC1(M) Pin=X200-13
Added Net: Name=PGEC1(M)
Added Pin To Net: NetName=PGED1(M) Pin=X200-14
Added Net: Name=PGED1(M)
Added Pin To Net: NetName=RA4 Pin=J?-9
Added Pin To Net: NetName=RA4 Pin=U200-12
Added Net: Name=RA4
Added Pin To Net: NetName=SLEEP(M) Pin=J?-4
Added Pin To Net: NetName=SLEEP(M) Pin=U200-10
Added Pin To Net: NetName=SLEEP(M) Pin=X200-9
Added Net: Name=SLEEP(M)
Added Member To Class: ClassName=Circuit Member=Component J? 61301011121
Added Member To Class: ClassName=Circuit Member=Component R? 1k
