Removed Parameter Supplier Ref.: from Part D200
Removed Parameter Supplier Ref.: from Part D201
Removed Parameter Supplier Ref.: from Part D202
Added Parameter Supplier= to Part C200
Added Parameter Supplier= to Part C201
Added Parameter Supplier= to Part C202
Added Parameter Supplier= to Part C203
Added Parameter Supplier= to Part C204
Added Parameter Supplier= to Part C205
Added Parameter Supplier= to Part R200
Added Parameter Supplier= to Part R201
Added Parameter Supplier= to Part R202
Added Parameter Supplier= to Part R203
Added Parameter Supplier= to Part R204
Added Parameter Supplier= to Part R205
Added Parameter Supplier= to Part R206
Added Parameter Supplier= to Part R207
Added Parameter Supplier= to Part R208
Added Parameter Supplier= to Part R209
Added Parameter Supplier= to Part R210
Added Parameter Supplier= to Part SW200
Added Parameter Supplier= to Part SW201
Added Parameter Supplier= to Part SW202
Added Parameter Supplier= to Part SW203
Added Parameter Supplier min. qty= to Part C200
Added Parameter Supplier min. qty= to Part C201
Added Parameter Supplier min. qty= to Part C202
Added Parameter Supplier min. qty= to Part C203
Added Parameter Supplier min. qty= to Part C204
Added Parameter Supplier min. qty= to Part C205
Added Parameter Supplier min. qty= to Part R200
Added Parameter Supplier min. qty= to Part R201
Added Parameter Supplier min. qty= to Part R202
Added Parameter Supplier min. qty= to Part R203
Added Parameter Supplier min. qty= to Part R204
Added Parameter Supplier min. qty= to Part R205
Added Parameter Supplier min. qty= to Part R206
Added Parameter Supplier min. qty= to Part R207
Added Parameter Supplier min. qty= to Part R208
Added Parameter Supplier min. qty= to Part R209
Added Parameter Supplier min. qty= to Part R210
Added Parameter Supplier min. qty= to Part SW200
Added Parameter Supplier min. qty= to Part SW201
Added Parameter Supplier min. qty= to Part SW202
Added Parameter Supplier min. qty= to Part SW203
Added Parameter Supplier min. qty= to Part U200
Added Parameter Supplier min. qty= to Part U201
Added Parameter Supplier min. qty= to Part X200
Added Parameter Supplier min. qty= to Part X201
Added Parameter Supplier min. qty= to Part X202
Added Parameter Supplier PN= to Part C200
Added Parameter Supplier PN= to Part C201
Added Parameter Supplier PN= to Part C202
Added Parameter Supplier PN= to Part C203
Added Parameter Supplier PN= to Part C204
Added Parameter Supplier PN= to Part C205
Added Parameter Supplier PN= to Part D200
Added Parameter Supplier PN= to Part D201
Added Parameter Supplier PN= to Part D202
Added Parameter Supplier PN= to Part R200
Added Parameter Supplier PN= to Part R201
Added Parameter Supplier PN= to Part R202
Added Parameter Supplier PN= to Part R203
Added Parameter Supplier PN= to Part R204
Added Parameter Supplier PN= to Part R205
Added Parameter Supplier PN= to Part R206
Added Parameter Supplier PN= to Part R207
Added Parameter Supplier PN= to Part R208
Added Parameter Supplier PN= to Part R209
Added Parameter Supplier PN= to Part R210
Added Parameter Supplier PN= to Part SW200
Added Parameter Supplier PN= to Part SW201
Added Parameter Supplier PN= to Part SW202
Added Parameter Supplier PN= to Part SW203
Added Parameter Supplier PN= to Part X201
Added Parameter Supplier unit price= to Part C200
Added Parameter Supplier unit price= to Part C201
Added Parameter Supplier unit price= to Part C202
Added Parameter Supplier unit price= to Part C203
Added Parameter Supplier unit price= to Part C204
Added Parameter Supplier unit price= to Part C205
Added Parameter Supplier unit price= to Part Q200
Added Parameter Supplier unit price= to Part Q201
Added Parameter Supplier unit price= to Part Q202
Added Parameter Supplier unit price= to Part Q203
Added Parameter Supplier unit price= to Part R200
Added Parameter Supplier unit price= to Part R201
Added Parameter Supplier unit price= to Part R202
Added Parameter Supplier unit price= to Part R203
Added Parameter Supplier unit price= to Part R204
Added Parameter Supplier unit price= to Part R205
Added Parameter Supplier unit price= to Part R206
Added Parameter Supplier unit price= to Part R207
Added Parameter Supplier unit price= to Part R208
Added Parameter Supplier unit price= to Part R209
Added Parameter Supplier unit price= to Part R210
Added Parameter Supplier unit price= to Part SW200
Added Parameter Supplier unit price= to Part SW201
Added Parameter Supplier unit price= to Part SW202
Added Parameter Supplier unit price= to Part SW203
Added Parameter Supplier unit price= to Part U200
Added Parameter Supplier unit price= to Part U201
Added Parameter Supplier unit price= to Part X200
Added Parameter Supplier unit price= to Part X201
Added Parameter Supplier unit price= to Part X202
